[2020-06-23 11:23:11] - lgb_KFold_06231123 - train_x shape: (19720, 455)
[2020-06-23 11:23:11] - lgb_KFold_06231123 - train_y shape: (19720,)
[2020-06-23 11:23:11] - lgb_KFold_06231123 - start training cv
[2020-06-23 11:23:11] - lgb_KFold_06231123 - cv method: KFold
[2020-06-23 11:23:11] - lgb_KFold_06231123 fold 0 - start training
[2020-06-23 11:27:44] - lgb_KFold_06231123 fold 0 - end training - score 0.7670993422330754
[2020-06-23 11:27:48] - lgb_KFold_06231123 fold 1 - start training
[2020-06-23 11:30:31] - lgb_KFold_06231123 fold 1 - end training - score 0.735573843109269
[2020-06-23 11:30:33] - lgb_KFold_06231123 fold 2 - start training
[2020-06-23 11:35:23] - lgb_KFold_06231123 fold 2 - end training - score 0.7038537761114791
[2020-06-23 11:35:25] - lgb_KFold_06231123 fold 3 - start training
[2020-06-23 11:41:45] - lgb_KFold_06231123 fold 3 - end training - score 0.7324869139948885
[2020-06-23 11:41:49] - lgb_KFold_06231123 fold 4 - start training
[2020-06-23 11:45:56] - lgb_KFold_06231123 fold 4 - end training - score 0.7105553830524146
[2020-06-23 11:45:59] - lgb_KFold_06231123 - start prediction cv
[2020-06-23 11:46:00] - lgb_KFold_06231123 - start prediction fold:0
[2020-06-23 11:46:07] - lgb_KFold_06231123 - end prediction fold:0
[2020-06-23 11:46:07] - lgb_KFold_06231123 - start prediction fold:1
[2020-06-23 11:46:11] - lgb_KFold_06231123 - end prediction fold:1
[2020-06-23 11:46:11] - lgb_KFold_06231123 - start prediction fold:2
[2020-06-23 11:46:15] - lgb_KFold_06231123 - end prediction fold:2
[2020-06-23 11:46:15] - lgb_KFold_06231123 - start prediction fold:3
[2020-06-23 11:46:22] - lgb_KFold_06231123 - end prediction fold:3
[2020-06-23 11:46:22] - lgb_KFold_06231123 - start prediction fold:4
[2020-06-23 11:46:26] - lgb_KFold_06231123 - end prediction fold:4
[2020-06-23 11:46:26] - lgb_KFold_06231123 - end prediction cv
[2020-06-23 11:46:26] - lgb_KFold_06231123 - start create submission
[2020-06-23 11:46:26] - lgb_KFold_06231123 - end create submission
