[2020-06-23 09:45:55] - lgb_KFold_06230945 - train_x shape: (19720, 453)
[2020-06-23 09:45:55] - lgb_KFold_06230945 - train_y shape: (19720,)
[2020-06-23 09:45:55] - lgb_KFold_06230945 - start training cv
[2020-06-23 09:45:55] - lgb_KFold_06230945 - cv method: KFold
[2020-06-23 09:45:55] - lgb_KFold_06230945 fold 0 - start training
[2020-06-23 09:51:06] - lgb_KFold_06230945 fold 0 - end training - score 0.7648894844649659
[2020-06-23 09:51:10] - lgb_KFold_06230945 fold 1 - start training
[2020-06-23 09:54:20] - lgb_KFold_06230945 fold 1 - end training - score 0.7382155521396707
[2020-06-23 09:54:22] - lgb_KFold_06230945 fold 2 - start training
[2020-06-23 09:58:34] - lgb_KFold_06230945 fold 2 - end training - score 0.7010506589922096
[2020-06-23 09:58:37] - lgb_KFold_06230945 fold 3 - start training
[2020-06-23 10:03:07] - lgb_KFold_06230945 fold 3 - end training - score 0.7387069617808398
[2020-06-23 10:03:11] - lgb_KFold_06230945 fold 4 - start training
[2020-06-23 10:07:24] - lgb_KFold_06230945 fold 4 - end training - score 0.7108202438372612
[2020-06-23 10:07:26] - lgb_KFold_06230945 - start prediction cv
[2020-06-23 10:07:28] - lgb_KFold_06230945 - start prediction fold:0
[2020-06-23 10:07:35] - lgb_KFold_06230945 - end prediction fold:0
[2020-06-23 10:07:35] - lgb_KFold_06230945 - start prediction fold:1
[2020-06-23 10:07:40] - lgb_KFold_06230945 - end prediction fold:1
[2020-06-23 10:07:40] - lgb_KFold_06230945 - start prediction fold:2
[2020-06-23 10:07:45] - lgb_KFold_06230945 - end prediction fold:2
[2020-06-23 10:07:45] - lgb_KFold_06230945 - start prediction fold:3
[2020-06-23 10:07:51] - lgb_KFold_06230945 - end prediction fold:3
[2020-06-23 10:07:51] - lgb_KFold_06230945 - start prediction fold:4
[2020-06-23 10:07:55] - lgb_KFold_06230945 - end prediction fold:4
[2020-06-23 10:07:55] - lgb_KFold_06230945 - end prediction cv
[2020-06-23 10:07:55] - lgb_KFold_06230945 - start create submission
[2020-06-23 10:07:55] - lgb_KFold_06230945 - end create submission
