[2020-06-23 19:53:13] - lgb_KFold_06231953 - train_x shape: (19720, 455)
[2020-06-23 19:53:13] - lgb_KFold_06231953 - train_y shape: (19720,)
[2020-06-23 19:53:13] - lgb_KFold_06231953 - start training cv
[2020-06-23 19:53:13] - lgb_KFold_06231953 - cv method: KFold
[2020-06-23 19:53:13] - lgb_KFold_06231953 fold 0 - start training
[2020-06-23 20:17:53] - lgb_KFold_06231953 fold 0 - end training - score 0.6707392974953071
[2020-06-23 20:18:05] - lgb_KFold_06231953 fold 1 - start training
[2020-06-23 20:42:44] - lgb_KFold_06231953 fold 1 - end training - score 0.6444837502721742
[2020-06-23 20:42:55] - lgb_KFold_06231953 fold 2 - start training
[2020-06-23 21:06:54] - lgb_KFold_06231953 fold 2 - end training - score 0.621853072731446
[2020-06-23 21:07:08] - lgb_KFold_06231953 fold 3 - start training
[2020-06-23 21:26:20] - lgb_KFold_06231953 fold 3 - end training - score 0.659884095112783
[2020-06-23 21:26:31] - lgb_KFold_06231953 fold 4 - start training
[2020-06-23 21:44:27] - lgb_KFold_06231953 fold 4 - end training - score 0.6313550586785106
[2020-06-23 21:44:38] - lgb_KFold_06231953 - start prediction cv
[2020-06-23 21:44:39] - lgb_KFold_06231953 - start prediction fold:0
[2020-06-23 21:44:54] - lgb_KFold_06231953 - end prediction fold:0
[2020-06-23 21:44:54] - lgb_KFold_06231953 - start prediction fold:1
[2020-06-23 21:45:08] - lgb_KFold_06231953 - end prediction fold:1
[2020-06-23 21:45:08] - lgb_KFold_06231953 - start prediction fold:2
[2020-06-23 21:45:24] - lgb_KFold_06231953 - end prediction fold:2
[2020-06-23 21:45:24] - lgb_KFold_06231953 - start prediction fold:3
[2020-06-23 21:45:37] - lgb_KFold_06231953 - end prediction fold:3
[2020-06-23 21:45:37] - lgb_KFold_06231953 - start prediction fold:4
[2020-06-23 21:45:50] - lgb_KFold_06231953 - end prediction fold:4
[2020-06-23 21:45:50] - lgb_KFold_06231953 - end prediction cv
[2020-06-23 21:45:50] - lgb_KFold_06231953 - start create submission
[2020-06-23 21:45:50] - lgb_KFold_06231953 - end create submission
