[2020-06-23 08:57:24] - lgb_KFold_06230857 - train_x shape: (19720, 815)
[2020-06-23 08:57:24] - lgb_KFold_06230857 - train_y shape: (19720,)
[2020-06-23 08:57:24] - lgb_KFold_06230857 - start training cv
[2020-06-23 08:57:24] - lgb_KFold_06230857 - cv method: KFold
[2020-06-23 08:57:24] - lgb_KFold_06230857 fold 0 - start training
[2020-06-23 09:03:51] - lgb_KFold_06230857 fold 0 - end training - score 0.7742449821379587
[2020-06-23 09:03:56] - lgb_KFold_06230857 fold 1 - start training
[2020-06-23 09:07:44] - lgb_KFold_06230857 fold 1 - end training - score 0.7432724283310403
[2020-06-23 09:07:46] - lgb_KFold_06230857 fold 2 - start training
[2020-06-23 09:13:22] - lgb_KFold_06230857 fold 2 - end training - score 0.7127037885044182
[2020-06-23 09:13:25] - lgb_KFold_06230857 fold 3 - start training
[2020-06-23 09:19:27] - lgb_KFold_06230857 fold 3 - end training - score 0.7448664413433967
[2020-06-23 09:19:31] - lgb_KFold_06230857 fold 4 - start training
[2020-06-23 09:27:52] - lgb_KFold_06230857 fold 4 - end training - score 0.7246734857156204
[2020-06-23 09:27:57] - lgb_KFold_06230857 - start prediction cv
[2020-06-23 09:27:58] - lgb_KFold_06230857 - start prediction fold:0
[2020-06-23 09:28:06] - lgb_KFold_06230857 - end prediction fold:0
[2020-06-23 09:28:06] - lgb_KFold_06230857 - start prediction fold:1
[2020-06-23 09:28:10] - lgb_KFold_06230857 - end prediction fold:1
[2020-06-23 09:28:10] - lgb_KFold_06230857 - start prediction fold:2
[2020-06-23 09:28:16] - lgb_KFold_06230857 - end prediction fold:2
[2020-06-23 09:28:16] - lgb_KFold_06230857 - start prediction fold:3
[2020-06-23 09:28:22] - lgb_KFold_06230857 - end prediction fold:3
[2020-06-23 09:28:22] - lgb_KFold_06230857 - start prediction fold:4
[2020-06-23 09:28:31] - lgb_KFold_06230857 - end prediction fold:4
[2020-06-23 09:28:31] - lgb_KFold_06230857 - end prediction cv
[2020-06-23 09:28:31] - lgb_KFold_06230857 - start create submission
[2020-06-23 09:28:31] - lgb_KFold_06230857 - end create submission
