[2020-06-27 18:53:49] - lgb_KFold_06271853 - train_x shape: (19720, 566)
[2020-06-27 18:53:49] - lgb_KFold_06271853 - train_y shape: (19720,)
[2020-06-27 18:53:49] - lgb_KFold_06271853 - start training cv
[2020-06-27 18:53:49] - lgb_KFold_06271853 - cv method: KFold
[2020-06-27 18:53:49] - lgb_KFold_06271853 fold 0 - start training
[2020-06-27 18:58:50] - lgb_KFold_06271853 fold 0 - end training - score 0.7679239181119882
[2020-06-27 18:58:54] - lgb_KFold_06271853 fold 1 - start training
[2020-06-27 19:02:42] - lgb_KFold_06271853 fold 1 - end training - score 0.7399591737713
[2020-06-27 19:02:45] - lgb_KFold_06271853 fold 2 - start training
[2020-06-27 19:05:26] - lgb_KFold_06271853 fold 2 - end training - score 0.6956313493024713
[2020-06-27 19:05:28] - lgb_KFold_06271853 fold 3 - start training
[2020-06-27 19:10:22] - lgb_KFold_06271853 fold 3 - end training - score 0.7310187068452595
[2020-06-27 19:10:26] - lgb_KFold_06271853 fold 4 - start training
[2020-06-27 19:18:02] - lgb_KFold_06271853 fold 4 - end training - score 0.7085280376539355
[2020-06-27 19:18:07] - lgb_KFold_06271853 - start prediction cv
[2020-06-27 19:18:08] - lgb_KFold_06271853 - start prediction fold:0
[2020-06-27 19:18:14] - lgb_KFold_06271853 - end prediction fold:0
[2020-06-27 19:18:14] - lgb_KFold_06271853 - start prediction fold:1
[2020-06-27 19:18:19] - lgb_KFold_06271853 - end prediction fold:1
[2020-06-27 19:18:19] - lgb_KFold_06271853 - start prediction fold:2
[2020-06-27 19:18:22] - lgb_KFold_06271853 - end prediction fold:2
[2020-06-27 19:18:22] - lgb_KFold_06271853 - start prediction fold:3
[2020-06-27 19:18:27] - lgb_KFold_06271853 - end prediction fold:3
[2020-06-27 19:18:27] - lgb_KFold_06271853 - start prediction fold:4
[2020-06-27 19:18:35] - lgb_KFold_06271853 - end prediction fold:4
[2020-06-27 19:18:35] - lgb_KFold_06271853 - end prediction cv
[2020-06-27 19:18:35] - lgb_KFold_06271853 - start create submission
[2020-06-27 19:18:35] - lgb_KFold_06271853 - end create submission
