[2020-06-22 12:20:35] - lgb_KFold_06221220 - train_x shape: (19720, 453)
[2020-06-22 12:20:35] - lgb_KFold_06221220 - train_y shape: (19720,)
[2020-06-22 12:20:35] - lgb_KFold_06221220 - start training cv
[2020-06-22 12:20:35] - lgb_KFold_06221220 - cv method: KFold
[2020-06-22 12:20:35] - lgb_KFold_06221220 fold 0 - start training
[2020-06-22 12:24:00] - lgb_KFold_06221220 fold 0 - end training - score 0.7663665907968331
[2020-06-22 12:24:04] - lgb_KFold_06221220 fold 1 - start training
[2020-06-22 12:28:51] - lgb_KFold_06221220 fold 1 - end training - score 0.7324319218112881
[2020-06-22 12:28:54] - lgb_KFold_06221220 fold 2 - start training
[2020-06-22 12:32:57] - lgb_KFold_06221220 fold 2 - end training - score 0.7057672450382408
[2020-06-22 12:33:00] - lgb_KFold_06221220 fold 3 - start training
[2020-06-22 12:39:53] - lgb_KFold_06221220 fold 3 - end training - score 0.7387879431862591
[2020-06-22 12:39:57] - lgb_KFold_06221220 fold 4 - start training
[2020-06-22 12:43:55] - lgb_KFold_06221220 fold 4 - end training - score 0.7084779094715687
[2020-06-22 12:43:58] - lgb_KFold_06221220 - start prediction cv
[2020-06-22 12:43:59] - lgb_KFold_06221220 - start prediction fold:0
[2020-06-22 12:44:06] - lgb_KFold_06221220 - end prediction fold:0
[2020-06-22 12:44:06] - lgb_KFold_06221220 - start prediction fold:1
[2020-06-22 12:44:13] - lgb_KFold_06221220 - end prediction fold:1
[2020-06-22 12:44:13] - lgb_KFold_06221220 - start prediction fold:2
[2020-06-22 12:44:18] - lgb_KFold_06221220 - end prediction fold:2
[2020-06-22 12:44:18] - lgb_KFold_06221220 - start prediction fold:3
[2020-06-22 12:44:28] - lgb_KFold_06221220 - end prediction fold:3
[2020-06-22 12:44:28] - lgb_KFold_06221220 - start prediction fold:4
[2020-06-22 12:44:32] - lgb_KFold_06221220 - end prediction fold:4
[2020-06-22 12:44:32] - lgb_KFold_06221220 - end prediction cv
[2020-06-22 12:44:32] - lgb_KFold_06221220 - start create submission
[2020-06-22 12:44:33] - lgb_KFold_06221220 - end create submission
