[2020-06-27 01:21:47] - lgb_KFold_06270121 - train_x shape: (19720, 482)
[2020-06-27 01:21:47] - lgb_KFold_06270121 - train_y shape: (19720,)
[2020-06-27 01:21:47] - lgb_KFold_06270121 - start training cv
[2020-06-27 01:21:47] - lgb_KFold_06270121 - cv method: KFold
[2020-06-27 01:21:47] - lgb_KFold_06270121 fold 0 - start training
[2020-06-27 01:25:25] - lgb_KFold_06270121 fold 0 - end training - score 0.7687656791885839
[2020-06-27 01:25:28] - lgb_KFold_06270121 fold 1 - start training
[2020-06-27 01:29:03] - lgb_KFold_06270121 fold 1 - end training - score 0.7381303313775124
[2020-06-27 01:29:06] - lgb_KFold_06270121 fold 2 - start training
[2020-06-27 01:32:10] - lgb_KFold_06270121 fold 2 - end training - score 0.6978836320483127
[2020-06-27 01:32:12] - lgb_KFold_06270121 fold 3 - start training
[2020-06-27 01:38:37] - lgb_KFold_06270121 fold 3 - end training - score 0.7319580855010375
[2020-06-27 01:38:42] - lgb_KFold_06270121 fold 4 - start training
[2020-06-27 01:42:30] - lgb_KFold_06270121 fold 4 - end training - score 0.7130112239564186
[2020-06-27 01:42:33] - lgb_KFold_06270121 - start prediction cv
[2020-06-27 01:42:34] - lgb_KFold_06270121 - start prediction fold:0
[2020-06-27 01:42:39] - lgb_KFold_06270121 - end prediction fold:0
[2020-06-27 01:42:39] - lgb_KFold_06270121 - start prediction fold:1
[2020-06-27 01:42:43] - lgb_KFold_06270121 - end prediction fold:1
[2020-06-27 01:42:43] - lgb_KFold_06270121 - start prediction fold:2
[2020-06-27 01:42:47] - lgb_KFold_06270121 - end prediction fold:2
[2020-06-27 01:42:47] - lgb_KFold_06270121 - start prediction fold:3
[2020-06-27 01:42:57] - lgb_KFold_06270121 - end prediction fold:3
[2020-06-27 01:42:57] - lgb_KFold_06270121 - start prediction fold:4
[2020-06-27 01:43:02] - lgb_KFold_06270121 - end prediction fold:4
[2020-06-27 01:43:02] - lgb_KFold_06270121 - end prediction cv
[2020-06-27 01:43:02] - lgb_KFold_06270121 - start create submission
[2020-06-27 01:43:02] - lgb_KFold_06270121 - end create submission
