[2020-06-28 10:29:14] - lgb_KFold_06281029 - train_x shape: (19720, 1219)
[2020-06-28 10:29:14] - lgb_KFold_06281029 - train_y shape: (19720,)
[2020-06-28 10:29:14] - lgb_KFold_06281029 - start training cv
[2020-06-28 10:29:14] - lgb_KFold_06281029 - cv method: KFold
[2020-06-28 10:29:14] - lgb_KFold_06281029 fold 0 - start training
[2020-06-28 10:44:07] - lgb_KFold_06281029 fold 0 - end training - score 0.7830450755934054
[2020-06-28 10:44:11] - lgb_KFold_06281029 fold 1 - start training
[2020-06-28 10:55:10] - lgb_KFold_06281029 fold 1 - end training - score 0.76361019838713
[2020-06-28 10:55:13] - lgb_KFold_06281029 fold 2 - start training
[2020-06-28 11:07:52] - lgb_KFold_06281029 fold 2 - end training - score 0.7312526659931391
[2020-06-28 11:07:56] - lgb_KFold_06281029 fold 3 - start training
[2020-06-28 11:20:34] - lgb_KFold_06281029 fold 3 - end training - score 0.7652779317635593
[2020-06-28 11:20:37] - lgb_KFold_06281029 fold 4 - start training
[2020-06-28 11:29:40] - lgb_KFold_06281029 fold 4 - end training - score 0.7376958931650666
[2020-06-28 11:29:43] - lgb_KFold_06281029 - start prediction cv
[2020-06-28 11:29:43] - lgb_KFold_06281029 - start prediction fold:0
[2020-06-28 11:29:52] - lgb_KFold_06281029 - end prediction fold:0
[2020-06-28 11:29:52] - lgb_KFold_06281029 - start prediction fold:1
[2020-06-28 11:29:58] - lgb_KFold_06281029 - end prediction fold:1
[2020-06-28 11:29:58] - lgb_KFold_06281029 - start prediction fold:2
[2020-06-28 11:30:04] - lgb_KFold_06281029 - end prediction fold:2
[2020-06-28 11:30:04] - lgb_KFold_06281029 - start prediction fold:3
[2020-06-28 11:30:11] - lgb_KFold_06281029 - end prediction fold:3
[2020-06-28 11:30:11] - lgb_KFold_06281029 - start prediction fold:4
[2020-06-28 11:30:17] - lgb_KFold_06281029 - end prediction fold:4
[2020-06-28 11:30:17] - lgb_KFold_06281029 - end prediction cv
[2020-06-28 11:30:17] - lgb_KFold_06281029 - start create submission
[2020-06-28 11:30:17] - lgb_KFold_06281029 - end create submission
