[2020-06-20 23:16:49] - lgb_KFold_06202316 - train_x shape: (19720, 443)
[2020-06-20 23:16:49] - lgb_KFold_06202316 - train_y shape: (19720,)
[2020-06-20 23:16:49] - lgb_KFold_06202316 - start training cv
[2020-06-20 23:16:49] - lgb_KFold_06202316 - cv method: KFold
[2020-06-20 23:16:49] - lgb_KFold_06202316 fold 0 - start training
[2020-06-20 23:19:07] - lgb_KFold_06202316 fold 0 - end training - score 0.7787183619698361
[2020-06-20 23:19:09] - lgb_KFold_06202316 fold 1 - start training
[2020-06-20 23:21:34] - lgb_KFold_06202316 fold 1 - end training - score 0.7404754536916541
[2020-06-20 23:21:36] - lgb_KFold_06202316 fold 2 - start training
[2020-06-20 23:24:54] - lgb_KFold_06202316 fold 2 - end training - score 0.7101781827382081
[2020-06-20 23:24:56] - lgb_KFold_06202316 fold 3 - start training
[2020-06-20 23:30:10] - lgb_KFold_06202316 fold 3 - end training - score 0.7444540603082276
[2020-06-20 23:30:15] - lgb_KFold_06202316 fold 4 - start training
[2020-06-20 23:33:01] - lgb_KFold_06202316 fold 4 - end training - score 0.7123929665300469
[2020-06-20 23:33:04] - lgb_KFold_06202316 - start prediction cv
[2020-06-20 23:33:04] - lgb_KFold_06202316 - start prediction fold:0
[2020-06-20 23:33:08] - lgb_KFold_06202316 - end prediction fold:0
[2020-06-20 23:33:08] - lgb_KFold_06202316 - start prediction fold:1
[2020-06-20 23:33:12] - lgb_KFold_06202316 - end prediction fold:1
[2020-06-20 23:33:12] - lgb_KFold_06202316 - start prediction fold:2
[2020-06-20 23:33:17] - lgb_KFold_06202316 - end prediction fold:2
[2020-06-20 23:33:17] - lgb_KFold_06202316 - start prediction fold:3
[2020-06-20 23:33:24] - lgb_KFold_06202316 - end prediction fold:3
[2020-06-20 23:33:24] - lgb_KFold_06202316 - start prediction fold:4
[2020-06-20 23:33:28] - lgb_KFold_06202316 - end prediction fold:4
[2020-06-20 23:33:28] - lgb_KFold_06202316 - end prediction cv
[2020-06-20 23:33:28] - lgb_KFold_06202316 - start create submission
[2020-06-20 23:33:28] - lgb_KFold_06202316 - end create submission
