[2020-06-22 23:33:51] - lgb_KFold_06222333 - train_x shape: (19720, 813)
[2020-06-22 23:33:51] - lgb_KFold_06222333 - train_y shape: (19720,)
[2020-06-22 23:33:52] - lgb_KFold_06222333 - start training cv
[2020-06-22 23:33:52] - lgb_KFold_06222333 - cv method: KFold
[2020-06-22 23:33:52] - lgb_KFold_06222333 fold 0 - start training
[2020-06-22 23:38:35] - lgb_KFold_06222333 fold 0 - end training - score 0.7701260871723032
[2020-06-22 23:38:38] - lgb_KFold_06222333 fold 1 - start training
[2020-06-22 23:42:21] - lgb_KFold_06222333 fold 1 - end training - score 0.7405254167081209
[2020-06-22 23:42:24] - lgb_KFold_06222333 fold 2 - start training
[2020-06-22 23:46:12] - lgb_KFold_06222333 fold 2 - end training - score 0.7064871733034165
[2020-06-22 23:46:15] - lgb_KFold_06222333 fold 3 - start training
[2020-06-22 23:52:01] - lgb_KFold_06222333 fold 3 - end training - score 0.7358575863028559
[2020-06-22 23:52:05] - lgb_KFold_06222333 fold 4 - start training
[2020-06-22 23:56:55] - lgb_KFold_06222333 fold 4 - end training - score 0.7137374734517394
[2020-06-22 23:56:58] - lgb_KFold_06222333 - start prediction cv
[2020-06-22 23:56:59] - lgb_KFold_06222333 - start prediction fold:0
[2020-06-22 23:57:06] - lgb_KFold_06222333 - end prediction fold:0
[2020-06-22 23:57:06] - lgb_KFold_06222333 - start prediction fold:1
[2020-06-22 23:57:11] - lgb_KFold_06222333 - end prediction fold:1
[2020-06-22 23:57:11] - lgb_KFold_06222333 - start prediction fold:2
[2020-06-22 23:57:15] - lgb_KFold_06222333 - end prediction fold:2
[2020-06-22 23:57:15] - lgb_KFold_06222333 - start prediction fold:3
[2020-06-22 23:57:21] - lgb_KFold_06222333 - end prediction fold:3
[2020-06-22 23:57:21] - lgb_KFold_06222333 - start prediction fold:4
[2020-06-22 23:57:27] - lgb_KFold_06222333 - end prediction fold:4
[2020-06-22 23:57:27] - lgb_KFold_06222333 - end prediction cv
[2020-06-22 23:57:27] - lgb_KFold_06222333 - start create submission
[2020-06-22 23:57:27] - lgb_KFold_06222333 - end create submission
