[2020-06-27 20:30:16] - lgb_KFold_06272030 - train_x shape: (19720, 606)
[2020-06-27 20:30:16] - lgb_KFold_06272030 - train_y shape: (19720,)
[2020-06-27 20:30:16] - lgb_KFold_06272030 - start training cv
[2020-06-27 20:30:16] - lgb_KFold_06272030 - cv method: KFold
[2020-06-27 20:30:16] - lgb_KFold_06272030 fold 0 - start training
[2020-06-27 20:37:55] - lgb_KFold_06272030 fold 0 - end training - score 0.7698633498527278
[2020-06-27 20:38:01] - lgb_KFold_06272030 fold 1 - start training
[2020-06-27 20:42:28] - lgb_KFold_06272030 fold 1 - end training - score 0.74269634950652
[2020-06-27 20:42:30] - lgb_KFold_06272030 fold 2 - start training
[2020-06-27 20:46:42] - lgb_KFold_06272030 fold 2 - end training - score 0.6955753367412665
[2020-06-27 20:46:44] - lgb_KFold_06272030 fold 3 - start training
[2020-06-27 20:54:40] - lgb_KFold_06272030 fold 3 - end training - score 0.731486432297724
[2020-06-27 20:54:45] - lgb_KFold_06272030 fold 4 - start training
[2020-06-27 21:01:11] - lgb_KFold_06272030 fold 4 - end training - score 0.708978411150312
[2020-06-27 21:01:15] - lgb_KFold_06272030 - start prediction cv
[2020-06-27 21:01:15] - lgb_KFold_06272030 - start prediction fold:0
[2020-06-27 21:01:24] - lgb_KFold_06272030 - end prediction fold:0
[2020-06-27 21:01:24] - lgb_KFold_06272030 - start prediction fold:1
[2020-06-27 21:01:28] - lgb_KFold_06272030 - end prediction fold:1
[2020-06-27 21:01:28] - lgb_KFold_06272030 - start prediction fold:2
[2020-06-27 21:01:33] - lgb_KFold_06272030 - end prediction fold:2
[2020-06-27 21:01:33] - lgb_KFold_06272030 - start prediction fold:3
[2020-06-27 21:01:41] - lgb_KFold_06272030 - end prediction fold:3
[2020-06-27 21:01:41] - lgb_KFold_06272030 - start prediction fold:4
[2020-06-27 21:01:48] - lgb_KFold_06272030 - end prediction fold:4
[2020-06-27 21:01:48] - lgb_KFold_06272030 - end prediction cv
[2020-06-27 21:01:48] - lgb_KFold_06272030 - start create submission
[2020-06-27 21:01:48] - lgb_KFold_06272030 - end create submission
