[2020-06-28 15:31:21] - lgb_KFold_06281531 - train_x shape: (19720, 506)
[2020-06-28 15:31:21] - lgb_KFold_06281531 - train_y shape: (19720,)
[2020-06-28 15:31:21] - lgb_KFold_06281531 - start training cv
[2020-06-28 15:31:21] - lgb_KFold_06281531 - cv method: KFold
[2020-06-28 15:31:21] - lgb_KFold_06281531 fold 0 - start training
[2020-06-28 15:35:34] - lgb_KFold_06281531 fold 0 - end training - score 0.7694362353916242
[2020-06-28 15:35:36] - lgb_KFold_06281531 fold 1 - start training
[2020-06-28 15:39:21] - lgb_KFold_06281531 fold 1 - end training - score 0.736210010302694
[2020-06-28 15:39:23] - lgb_KFold_06281531 fold 2 - start training
[2020-06-28 15:42:49] - lgb_KFold_06281531 fold 2 - end training - score 0.701736814518554
[2020-06-28 15:42:51] - lgb_KFold_06281531 fold 3 - start training
[2020-06-28 15:49:17] - lgb_KFold_06281531 fold 3 - end training - score 0.7279282976127962
[2020-06-28 15:49:22] - lgb_KFold_06281531 fold 4 - start training
[2020-06-28 15:54:37] - lgb_KFold_06281531 fold 4 - end training - score 0.7113840032762454
[2020-06-28 15:54:41] - lgb_KFold_06281531 - start prediction cv
[2020-06-28 15:54:42] - lgb_KFold_06281531 - start prediction fold:0
[2020-06-28 15:54:47] - lgb_KFold_06281531 - end prediction fold:0
[2020-06-28 15:54:47] - lgb_KFold_06281531 - start prediction fold:1
[2020-06-28 15:54:51] - lgb_KFold_06281531 - end prediction fold:1
[2020-06-28 15:54:51] - lgb_KFold_06281531 - start prediction fold:2
[2020-06-28 15:54:55] - lgb_KFold_06281531 - end prediction fold:2
[2020-06-28 15:54:55] - lgb_KFold_06281531 - start prediction fold:3
[2020-06-28 15:55:03] - lgb_KFold_06281531 - end prediction fold:3
[2020-06-28 15:55:03] - lgb_KFold_06281531 - start prediction fold:4
[2020-06-28 15:55:10] - lgb_KFold_06281531 - end prediction fold:4
[2020-06-28 15:55:10] - lgb_KFold_06281531 - end prediction cv
[2020-06-28 15:55:10] - lgb_KFold_06281531 - start create submission
[2020-06-28 15:55:10] - lgb_KFold_06281531 - end create submission
