[2020-06-24 20:11:15] - lgb_KFold_06242011 - train_x shape: (19720, 494)
[2020-06-24 20:11:15] - lgb_KFold_06242011 - train_y shape: (19720,)
[2020-06-24 20:11:15] - lgb_KFold_06242011 - start training cv
[2020-06-24 20:11:15] - lgb_KFold_06242011 - cv method: KFold
[2020-06-24 20:11:15] - lgb_KFold_06242011 fold 0 - start training
[2020-06-24 20:15:52] - lgb_KFold_06242011 fold 0 - end training - score 0.771431966683038
[2020-06-24 20:15:56] - lgb_KFold_06242011 fold 1 - start training
[2020-06-24 20:20:18] - lgb_KFold_06242011 fold 1 - end training - score 0.7352607260739212
[2020-06-24 20:20:21] - lgb_KFold_06242011 fold 2 - start training
[2020-06-24 20:24:55] - lgb_KFold_06242011 fold 2 - end training - score 0.7019205040767329
[2020-06-24 20:24:58] - lgb_KFold_06242011 fold 3 - start training
[2020-06-24 20:33:14] - lgb_KFold_06242011 fold 3 - end training - score 0.7410397262231393
[2020-06-24 20:33:19] - lgb_KFold_06242011 fold 4 - start training
[2020-06-24 20:40:00] - lgb_KFold_06242011 fold 4 - end training - score 0.7127140197670697
[2020-06-24 20:40:04] - lgb_KFold_06242011 - start prediction cv
[2020-06-24 20:40:05] - lgb_KFold_06242011 - start prediction fold:0
[2020-06-24 20:40:13] - lgb_KFold_06242011 - end prediction fold:0
[2020-06-24 20:40:13] - lgb_KFold_06242011 - start prediction fold:1
[2020-06-24 20:40:18] - lgb_KFold_06242011 - end prediction fold:1
[2020-06-24 20:40:18] - lgb_KFold_06242011 - start prediction fold:2
[2020-06-24 20:40:23] - lgb_KFold_06242011 - end prediction fold:2
[2020-06-24 20:40:23] - lgb_KFold_06242011 - start prediction fold:3
[2020-06-24 20:40:33] - lgb_KFold_06242011 - end prediction fold:3
[2020-06-24 20:40:33] - lgb_KFold_06242011 - start prediction fold:4
[2020-06-24 20:40:40] - lgb_KFold_06242011 - end prediction fold:4
[2020-06-24 20:40:40] - lgb_KFold_06242011 - end prediction cv
[2020-06-24 20:40:40] - lgb_KFold_06242011 - start create submission
[2020-06-24 20:40:40] - lgb_KFold_06242011 - end create submission
