[2020-06-27 17:07:10] - lgb_KFold_06271707 - train_x shape: (19720, 516)
[2020-06-27 17:07:10] - lgb_KFold_06271707 - train_y shape: (19720,)
[2020-06-27 17:07:10] - lgb_KFold_06271707 - start training cv
[2020-06-27 17:07:10] - lgb_KFold_06271707 - cv method: KFold
[2020-06-27 17:07:10] - lgb_KFold_06271707 fold 0 - start training
[2020-06-27 17:12:18] - lgb_KFold_06271707 fold 0 - end training - score 0.775264935504138
[2020-06-27 17:12:22] - lgb_KFold_06271707 fold 1 - start training
[2020-06-27 17:18:27] - lgb_KFold_06271707 fold 1 - end training - score 0.7469493140436337
[2020-06-27 17:18:31] - lgb_KFold_06271707 fold 2 - start training
[2020-06-27 17:23:18] - lgb_KFold_06271707 fold 2 - end training - score 0.6979948654707133
[2020-06-27 17:23:21] - lgb_KFold_06271707 fold 3 - start training
[2020-06-27 17:28:56] - lgb_KFold_06271707 fold 3 - end training - score 0.7354556997792975
[2020-06-27 17:29:00] - lgb_KFold_06271707 fold 4 - start training
[2020-06-27 17:33:47] - lgb_KFold_06271707 fold 4 - end training - score 0.7129697202346305
[2020-06-27 17:33:52] - lgb_KFold_06271707 - start prediction cv
[2020-06-27 17:33:52] - lgb_KFold_06271707 - start prediction fold:0
[2020-06-27 17:34:02] - lgb_KFold_06271707 - end prediction fold:0
[2020-06-27 17:34:02] - lgb_KFold_06271707 - start prediction fold:1
[2020-06-27 17:34:13] - lgb_KFold_06271707 - end prediction fold:1
[2020-06-27 17:34:13] - lgb_KFold_06271707 - start prediction fold:2
[2020-06-27 17:34:19] - lgb_KFold_06271707 - end prediction fold:2
[2020-06-27 17:34:19] - lgb_KFold_06271707 - start prediction fold:3
[2020-06-27 17:34:26] - lgb_KFold_06271707 - end prediction fold:3
[2020-06-27 17:34:26] - lgb_KFold_06271707 - start prediction fold:4
[2020-06-27 17:34:33] - lgb_KFold_06271707 - end prediction fold:4
[2020-06-27 17:34:33] - lgb_KFold_06271707 - end prediction cv
[2020-06-27 17:34:33] - lgb_KFold_06271707 - start create submission
[2020-06-27 17:34:34] - lgb_KFold_06271707 - end create submission
