[2020-06-24 01:12:23] - lgb_KFold_06240112 - train_x shape: (19720, 468)
[2020-06-24 01:12:23] - lgb_KFold_06240112 - train_y shape: (19720,)
[2020-06-24 01:12:23] - lgb_KFold_06240112 - start training cv
[2020-06-24 01:12:23] - lgb_KFold_06240112 - cv method: KFold
[2020-06-24 01:12:23] - lgb_KFold_06240112 fold 0 - start training
[2020-06-24 01:40:43] - lgb_KFold_06240112 fold 0 - end training - score 0.67950971652004
[2020-06-24 01:40:57] - lgb_KFold_06240112 fold 1 - start training
[2020-06-24 02:02:48] - lgb_KFold_06240112 fold 1 - end training - score 0.6528612115087878
[2020-06-24 02:03:01] - lgb_KFold_06240112 fold 2 - start training
[2020-06-24 02:22:55] - lgb_KFold_06240112 fold 2 - end training - score 0.6253730451892383
[2020-06-24 02:23:08] - lgb_KFold_06240112 fold 3 - start training
[2020-06-24 02:42:42] - lgb_KFold_06240112 fold 3 - end training - score 0.6612589687850342
[2020-06-24 02:42:54] - lgb_KFold_06240112 fold 4 - start training
[2020-06-24 03:02:21] - lgb_KFold_06240112 fold 4 - end training - score 0.6369601145289852
[2020-06-24 03:02:33] - lgb_KFold_06240112 - start prediction cv
[2020-06-24 03:02:34] - lgb_KFold_06240112 - start prediction fold:0
[2020-06-24 03:02:59] - lgb_KFold_06240112 - end prediction fold:0
[2020-06-24 03:02:59] - lgb_KFold_06240112 - start prediction fold:1
[2020-06-24 03:03:26] - lgb_KFold_06240112 - end prediction fold:1
[2020-06-24 03:03:26] - lgb_KFold_06240112 - start prediction fold:2
[2020-06-24 03:03:50] - lgb_KFold_06240112 - end prediction fold:2
[2020-06-24 03:03:50] - lgb_KFold_06240112 - start prediction fold:3
[2020-06-24 03:04:20] - lgb_KFold_06240112 - end prediction fold:3
[2020-06-24 03:04:20] - lgb_KFold_06240112 - start prediction fold:4
[2020-06-24 03:04:45] - lgb_KFold_06240112 - end prediction fold:4
[2020-06-24 03:04:45] - lgb_KFold_06240112 - end prediction cv
[2020-06-24 03:04:45] - lgb_KFold_06240112 - start create submission
[2020-06-24 03:04:45] - lgb_KFold_06240112 - end create submission
