[2020-06-20 01:19:16] - Start: main
[2020-06-20 01:19:16] - ★☆★☆★☆★☆★☆★☆★☆★☆★☆★☆★☆★☆★☆★☆★☆★☆★☆★☆★☆★☆★☆★☆★☆★☆
[2020-06-20 01:19:16] - Start: load_data
[2020-06-20 01:19:16] - End: load_data done in 0.64 s
[2020-06-20 01:19:16] - Start: get_title
[2020-06-20 01:19:16] - End: get_title done in 0.03 s
[2020-06-20 01:19:16] - Start: get_published
[2020-06-20 01:19:16] - End: get_published done in 0.09 s
[2020-06-20 01:19:16] - Start: get_channel
[2020-06-20 01:19:16] - End: get_channel done in 0.04 s
[2020-06-20 01:19:16] - Start: get_collection
[2020-06-20 01:19:17] - End: get_collection done in 0.12 s
[2020-06-20 01:19:17] - Start: get_tag
[2020-06-20 01:19:22] - End: get_tag done in 5.17 s
[2020-06-20 01:19:22] - Start: get_like_dislike_comment
[2020-06-20 01:19:22] - End: get_like_dislike_comment done in 0.01 s
[2020-06-20 01:19:22] - Start: get_description
[2020-06-20 01:19:22] - End: get_description done in 0.18 s
[2020-06-20 01:19:22] - Start: get_boolean
[2020-06-20 01:19:22] - End: get_boolean done in 0.00 s
[2020-06-20 01:19:22] - Start: get_delta
[2020-06-20 01:19:23] - End: get_delta done in 1.05 s
[2020-06-20 01:19:23] - Start: get_language
[2020-06-20 01:19:30] - End: get_language done in 7.45 s
[2020-06-20 01:19:30] - Start: get_in_word
[2020-06-20 01:19:31] - End: get_in_word done in 0.48 s
[2020-06-20 01:19:31] - Start: get_freq
[2020-06-20 01:19:31] - End: get_freq done in 0.02 s
[2020-06-20 01:19:31] - Start: get_agg_features
[2020-06-20 01:19:31] - End: get_agg_features done in 0.31 s
[2020-06-20 01:19:31] - Start: get_agg_features
[2020-06-20 01:19:32] - End: get_agg_features done in 0.35 s
[2020-06-20 01:19:32] - Start: get_agg_features
[2020-06-20 01:19:32] - End: get_agg_features done in 0.35 s
[2020-06-20 01:19:32] - Save train test
[2020-06-20 01:19:32] - train shape: (19720, 134), test shape, (29582, 134)
[2020-06-20 01:19:32] - End: main done in 16.68 s
[2020-06-20 01:26:54] - Start: main
[2020-06-20 01:26:54] - ★☆★☆★☆★☆★☆★☆★☆★☆★☆★☆★☆★☆★☆★☆★☆★☆★☆★☆★☆★☆★☆★☆★☆★☆
[2020-06-20 01:26:54] - Start: load_data
[2020-06-20 01:26:55] - End: load_data done in 0.68 s
[2020-06-20 01:26:55] - Start: get_title
[2020-06-20 01:26:55] - End: get_title done in 0.02 s
[2020-06-20 01:26:55] - Start: get_published
[2020-06-20 01:26:55] - End: get_published done in 0.08 s
[2020-06-20 01:26:55] - Start: get_channel
[2020-06-20 01:26:55] - End: get_channel done in 0.04 s
[2020-06-20 01:26:55] - Start: get_collection
[2020-06-20 01:26:55] - End: get_collection done in 0.12 s
[2020-06-20 01:26:55] - Start: get_tag
[2020-06-20 01:27:01] - End: get_tag done in 5.39 s
[2020-06-20 01:27:01] - Start: get_like_dislike_comment
[2020-06-20 01:27:01] - End: get_like_dislike_comment done in 0.01 s
[2020-06-20 01:27:01] - Start: get_description
[2020-06-20 01:27:01] - End: get_description done in 0.19 s
[2020-06-20 01:27:01] - Start: get_boolean
[2020-06-20 01:27:01] - End: get_boolean done in 0.00 s
[2020-06-20 01:27:01] - Start: get_delta
[2020-06-20 01:27:02] - End: get_delta done in 1.07 s
[2020-06-20 01:27:02] - Start: get_language
[2020-06-20 01:27:10] - End: get_language done in 7.87 s
[2020-06-20 01:27:10] - Start: get_in_word
[2020-06-20 01:27:10] - End: get_in_word done in 0.50 s
[2020-06-20 01:27:10] - Start: get_freq
[2020-06-20 01:27:10] - End: get_freq done in 0.02 s
[2020-06-20 01:27:10] - Start: get_agg_features
[2020-06-20 01:27:11] - End: get_agg_features done in 0.34 s
[2020-06-20 01:27:11] - Start: get_agg_features
[2020-06-20 01:27:11] - End: get_agg_features done in 0.36 s
[2020-06-20 01:27:11] - Start: get_agg_features
[2020-06-20 01:27:11] - End: get_agg_features done in 0.36 s
[2020-06-20 01:27:11] - Save train test
[2020-06-20 01:27:12] - train shape: (19720, 134), test shape, (29582, 134)
[2020-06-20 01:27:12] - End: main done in 17.45 s
[2020-06-20 02:19:54] - Start: main
[2020-06-20 02:19:54] - ★☆★☆★☆★☆★☆★☆★☆★☆★☆★☆★☆★☆★☆★☆★☆★☆★☆★☆★☆★☆★☆★☆★☆★☆
[2020-06-20 02:19:54] - Start: load_data
[2020-06-20 02:19:55] - End: load_data done in 0.69 s
[2020-06-20 02:19:55] - Start: get_title
[2020-06-20 02:19:55] - End: get_title done in 0.03 s
[2020-06-20 02:19:55] - Start: get_published
[2020-06-20 02:19:55] - End: get_published done in 0.08 s
[2020-06-20 02:19:55] - Start: get_channel
[2020-06-20 02:19:55] - End: get_channel done in 0.04 s
[2020-06-20 02:19:55] - Start: get_collection
[2020-06-20 02:19:55] - End: get_collection done in 0.12 s
[2020-06-20 02:19:55] - Start: get_tag
[2020-06-20 02:20:01] - End: get_tag done in 5.44 s
[2020-06-20 02:20:01] - Start: get_like_dislike_comment
[2020-06-20 02:20:01] - End: get_like_dislike_comment done in 0.01 s
[2020-06-20 02:20:01] - Start: get_description
[2020-06-20 02:20:01] - End: get_description done in 0.19 s
[2020-06-20 02:20:01] - Start: get_boolean
[2020-06-20 02:20:01] - End: get_boolean done in 0.00 s
[2020-06-20 02:20:01] - Start: get_delta
[2020-06-20 02:20:02] - End: get_delta done in 1.17 s
[2020-06-20 02:20:02] - Start: get_language
[2020-06-20 02:20:10] - End: get_language done in 7.82 s
[2020-06-20 02:20:10] - Start: get_in_word
[2020-06-20 02:20:11] - End: get_in_word done in 0.49 s
[2020-06-20 02:20:11] - Start: get_freq
[2020-06-20 02:20:11] - End: get_freq done in 0.02 s
[2020-06-20 02:20:11] - Start: get_agg_features
[2020-06-20 02:20:11] - End: get_agg_features done in 0.33 s
[2020-06-20 02:20:11] - Start: get_agg_features
[2020-06-20 02:20:11] - End: get_agg_features done in 0.36 s
[2020-06-20 02:20:11] - Start: get_agg_features
[2020-06-20 02:20:12] - End: get_agg_features done in 0.38 s
[2020-06-20 02:20:12] - Save train test
[2020-06-20 02:20:12] - train shape: (19720, 134), test shape, (29582, 134)
[2020-06-20 02:20:12] - End: main done in 17.59 s
[2020-06-20 02:50:38] - Start: main
[2020-06-20 02:50:38] - ★☆★☆★☆★☆★☆★☆★☆★☆★☆★☆★☆★☆★☆★☆★☆★☆★☆★☆★☆★☆★☆★☆★☆★☆
[2020-06-20 02:50:38] - Start: load_data
[2020-06-20 02:50:39] - End: load_data done in 0.66 s
[2020-06-20 02:50:39] - Start: get_title
[2020-06-20 02:50:39] - End: get_title done in 0.02 s
[2020-06-20 02:50:39] - Start: get_published
[2020-06-20 02:50:39] - End: get_published done in 0.08 s
[2020-06-20 02:50:39] - Start: get_channel
[2020-06-20 02:50:39] - End: get_channel done in 0.04 s
[2020-06-20 02:50:39] - Start: get_collection
[2020-06-20 02:50:39] - End: get_collection done in 0.11 s
[2020-06-20 02:50:39] - Start: get_tag
[2020-06-20 02:50:45] - End: get_tag done in 5.39 s
[2020-06-20 02:50:45] - Start: get_like_dislike_comment
[2020-06-20 02:50:45] - End: get_like_dislike_comment done in 0.02 s
[2020-06-20 02:50:45] - Start: get_description
[2020-06-20 02:50:45] - End: get_description done in 0.19 s
[2020-06-20 02:50:45] - Start: get_boolean
[2020-06-20 02:50:45] - End: get_boolean done in 0.00 s
[2020-06-20 02:50:45] - Start: get_delta
[2020-06-20 02:50:46] - End: get_delta done in 1.11 s
[2020-06-20 02:50:46] - Start: get_language
[2020-06-20 02:50:54] - End: get_language done in 7.44 s
[2020-06-20 02:50:54] - Start: get_in_word
[2020-06-20 02:50:54] - End: get_in_word done in 0.48 s
[2020-06-20 02:50:54] - Start: get_freq
[2020-06-20 02:50:54] - End: get_freq done in 0.02 s
[2020-06-20 02:50:54] - Start: get_agg_features
[2020-06-20 02:50:54] - End: get_agg_features done in 0.33 s
[2020-06-20 02:50:54] - Start: get_agg_features
[2020-06-20 02:50:55] - End: get_agg_features done in 0.38 s
[2020-06-20 02:50:55] - Start: get_agg_features
[2020-06-20 02:50:55] - End: get_agg_features done in 0.38 s
[2020-06-20 02:50:55] - Start: get_agg_features
[2020-06-20 02:55:44] - Start: main
[2020-06-20 02:55:44] - ★☆★☆★☆★☆★☆★☆★☆★☆★☆★☆★☆★☆★☆★☆★☆★☆★☆★☆★☆★☆★☆★☆★☆★☆
[2020-06-20 02:55:44] - Start: load_data
[2020-06-20 02:55:45] - End: load_data done in 0.68 s
[2020-06-20 02:55:45] - Start: get_title
[2020-06-20 02:55:45] - End: get_title done in 0.02 s
[2020-06-20 02:55:45] - Start: get_published
[2020-06-20 02:55:45] - End: get_published done in 0.08 s
[2020-06-20 02:55:45] - Start: get_channel
[2020-06-20 02:55:45] - End: get_channel done in 0.04 s
[2020-06-20 02:55:45] - Start: get_collection
[2020-06-20 02:55:45] - End: get_collection done in 0.12 s
[2020-06-20 02:55:45] - Start: get_tag
[2020-06-20 02:55:51] - End: get_tag done in 5.39 s
[2020-06-20 02:55:51] - Start: get_like_dislike_comment
[2020-06-20 02:55:51] - End: get_like_dislike_comment done in 0.01 s
[2020-06-20 02:55:51] - Start: get_description
[2020-06-20 02:55:51] - End: get_description done in 0.19 s
[2020-06-20 02:55:51] - Start: get_boolean
[2020-06-20 02:55:51] - End: get_boolean done in 0.00 s
[2020-06-20 02:55:51] - Start: get_delta
[2020-06-20 02:55:52] - End: get_delta done in 1.08 s
[2020-06-20 02:55:52] - Start: get_language
[2020-06-20 02:56:00] - End: get_language done in 7.53 s
[2020-06-20 02:56:00] - Start: get_in_word
[2020-06-20 02:56:00] - End: get_in_word done in 0.53 s
[2020-06-20 02:56:00] - Start: get_freq
[2020-06-20 02:56:00] - End: get_freq done in 0.01 s
[2020-06-20 02:56:00] - Start: get_agg_features
[2020-06-20 02:56:01] - End: get_agg_features done in 0.34 s
[2020-06-20 02:56:01] - Start: get_agg_features
[2020-06-20 02:56:01] - End: get_agg_features done in 0.38 s
[2020-06-20 02:56:01] - Start: get_agg_features
[2020-06-20 02:56:01] - End: get_agg_features done in 0.44 s
[2020-06-20 02:56:01] - Start: get_agg_features
[2020-06-20 02:56:41] - Start: main
[2020-06-20 02:56:41] - ★☆★☆★☆★☆★☆★☆★☆★☆★☆★☆★☆★☆★☆★☆★☆★☆★☆★☆★☆★☆★☆★☆★☆★☆
[2020-06-20 02:56:41] - Start: load_data
[2020-06-20 02:56:42] - End: load_data done in 0.76 s
[2020-06-20 02:56:42] - Start: get_title
[2020-06-20 02:56:42] - End: get_title done in 0.03 s
[2020-06-20 02:56:42] - Start: get_published
[2020-06-20 02:56:42] - End: get_published done in 0.09 s
[2020-06-20 02:56:42] - Start: get_channel
[2020-06-20 02:56:42] - End: get_channel done in 0.05 s
[2020-06-20 02:56:42] - Start: get_collection
[2020-06-20 02:56:42] - End: get_collection done in 0.12 s
[2020-06-20 02:56:42] - Start: get_tag
[2020-06-20 02:56:48] - End: get_tag done in 5.47 s
[2020-06-20 02:56:48] - Start: get_like_dislike_comment
[2020-06-20 02:56:48] - End: get_like_dislike_comment done in 0.01 s
[2020-06-20 02:56:48] - Start: get_description
[2020-06-20 02:56:48] - End: get_description done in 0.21 s
[2020-06-20 02:56:48] - Start: get_boolean
[2020-06-20 02:56:48] - End: get_boolean done in 0.00 s
[2020-06-20 02:56:48] - Start: get_delta
[2020-06-20 02:56:49] - End: get_delta done in 1.07 s
[2020-06-20 02:56:49] - Start: get_language
[2020-06-20 02:56:57] - End: get_language done in 7.41 s
[2020-06-20 02:56:57] - Start: get_in_word
[2020-06-20 02:56:57] - End: get_in_word done in 0.49 s
[2020-06-20 02:56:57] - Start: get_freq
[2020-06-20 02:56:57] - End: get_freq done in 0.01 s
[2020-06-20 02:56:57] - Start: get_agg_features
[2020-06-20 02:56:57] - End: get_agg_features done in 0.32 s
[2020-06-20 02:56:57] - Start: get_agg_features
[2020-06-20 02:56:58] - End: get_agg_features done in 0.38 s
[2020-06-20 02:56:58] - Start: get_agg_features
[2020-06-20 02:56:58] - End: get_agg_features done in 0.39 s
[2020-06-20 02:56:58] - Start: get_agg_features
[2020-06-20 02:57:22] - Start: main
[2020-06-20 02:57:22] - ★☆★☆★☆★☆★☆★☆★☆★☆★☆★☆★☆★☆★☆★☆★☆★☆★☆★☆★☆★☆★☆★☆★☆★☆
[2020-06-20 02:57:22] - Start: load_data
[2020-06-20 02:57:23] - End: load_data done in 0.67 s
[2020-06-20 02:57:23] - Start: get_title
[2020-06-20 02:57:23] - End: get_title done in 0.02 s
[2020-06-20 02:57:23] - Start: get_published
[2020-06-20 02:57:23] - End: get_published done in 0.08 s
[2020-06-20 02:57:23] - Start: get_channel
[2020-06-20 02:57:23] - End: get_channel done in 0.04 s
[2020-06-20 02:57:23] - Start: get_collection
[2020-06-20 02:57:23] - End: get_collection done in 0.11 s
[2020-06-20 02:57:23] - Start: get_tag
[2020-06-20 02:57:28] - End: get_tag done in 5.40 s
[2020-06-20 02:57:28] - Start: get_like_dislike_comment
[2020-06-20 02:57:28] - End: get_like_dislike_comment done in 0.01 s
[2020-06-20 02:57:28] - Start: get_description
[2020-06-20 02:57:29] - End: get_description done in 0.19 s
[2020-06-20 02:57:29] - Start: get_boolean
[2020-06-20 02:57:29] - End: get_boolean done in 0.00 s
[2020-06-20 02:57:29] - Start: get_delta
[2020-06-20 02:57:30] - End: get_delta done in 1.11 s
[2020-06-20 02:57:30] - Start: get_language
[2020-06-20 02:57:37] - End: get_language done in 7.48 s
[2020-06-20 02:57:37] - Start: get_in_word
[2020-06-20 02:57:38] - End: get_in_word done in 0.49 s
[2020-06-20 02:57:38] - Start: get_freq
[2020-06-20 02:57:38] - End: get_freq done in 0.02 s
[2020-06-20 02:57:38] - Start: get_agg_features
[2020-06-20 02:57:38] - End: get_agg_features done in 0.30 s
[2020-06-20 02:57:38] - Start: get_agg_features
[2020-06-20 02:57:38] - End: get_agg_features done in 0.35 s
[2020-06-20 02:57:38] - Start: get_agg_features
[2020-06-20 02:57:39] - End: get_agg_features done in 0.38 s
[2020-06-20 02:57:39] - Start: get_agg_features
[2020-06-20 02:58:00] - Start: main
[2020-06-20 02:58:00] - ★☆★☆★☆★☆★☆★☆★☆★☆★☆★☆★☆★☆★☆★☆★☆★☆★☆★☆★☆★☆★☆★☆★☆★☆
[2020-06-20 02:58:00] - Start: load_data
[2020-06-20 02:58:01] - End: load_data done in 0.67 s
[2020-06-20 02:58:01] - Start: get_title
[2020-06-20 02:58:01] - End: get_title done in 0.03 s
[2020-06-20 02:58:01] - Start: get_published
[2020-06-20 02:58:01] - End: get_published done in 0.08 s
[2020-06-20 02:58:01] - Start: get_channel
[2020-06-20 02:58:01] - End: get_channel done in 0.04 s
[2020-06-20 02:58:01] - Start: get_collection
[2020-06-20 02:58:01] - End: get_collection done in 0.12 s
[2020-06-20 02:58:01] - Start: get_tag
[2020-06-20 02:58:06] - End: get_tag done in 5.22 s
[2020-06-20 02:58:06] - Start: get_like_dislike_comment
[2020-06-20 02:58:06] - End: get_like_dislike_comment done in 0.01 s
[2020-06-20 02:58:06] - Start: get_description
[2020-06-20 02:58:06] - End: get_description done in 0.21 s
[2020-06-20 02:58:06] - Start: get_boolean
[2020-06-20 02:58:06] - End: get_boolean done in 0.00 s
[2020-06-20 02:58:06] - Start: get_delta
[2020-06-20 02:58:07] - End: get_delta done in 1.06 s
[2020-06-20 02:58:07] - Start: get_language
[2020-06-20 02:58:15] - End: get_language done in 7.59 s
[2020-06-20 02:58:15] - Start: get_in_word
[2020-06-20 02:58:16] - End: get_in_word done in 0.49 s
[2020-06-20 02:58:16] - Start: get_freq
[2020-06-20 02:58:16] - End: get_freq done in 0.02 s
[2020-06-20 02:58:16] - Start: get_agg_features
[2020-06-20 02:58:16] - End: get_agg_features done in 0.30 s
[2020-06-20 02:58:16] - Start: get_agg_features
[2020-06-20 02:58:16] - End: get_agg_features done in 0.35 s
[2020-06-20 02:58:16] - Start: get_agg_features
[2020-06-20 02:58:17] - End: get_agg_features done in 0.39 s
[2020-06-20 02:58:17] - Start: get_agg_features
[2020-06-20 02:58:57] - Start: main
[2020-06-20 02:58:57] - ★☆★☆★☆★☆★☆★☆★☆★☆★☆★☆★☆★☆★☆★☆★☆★☆★☆★☆★☆★☆★☆★☆★☆★☆
[2020-06-20 02:58:57] - Start: load_data
[2020-06-20 02:58:58] - End: load_data done in 0.67 s
[2020-06-20 02:58:58] - Start: get_title
[2020-06-20 02:58:58] - End: get_title done in 0.03 s
[2020-06-20 02:58:58] - Start: get_published
[2020-06-20 02:58:58] - End: get_published done in 0.08 s
[2020-06-20 02:58:58] - Start: get_channel
[2020-06-20 02:58:58] - End: get_channel done in 0.04 s
[2020-06-20 02:58:58] - Start: get_collection
[2020-06-20 02:58:58] - End: get_collection done in 0.12 s
[2020-06-20 02:58:58] - Start: get_tag
[2020-06-20 02:59:04] - End: get_tag done in 5.33 s
[2020-06-20 02:59:04] - Start: get_like_dislike_comment
[2020-06-20 02:59:04] - End: get_like_dislike_comment done in 0.02 s
[2020-06-20 02:59:04] - Start: get_description
[2020-06-20 02:59:04] - End: get_description done in 0.19 s
[2020-06-20 02:59:04] - Start: get_boolean
[2020-06-20 02:59:04] - End: get_boolean done in 0.00 s
[2020-06-20 02:59:04] - Start: get_delta
[2020-06-20 02:59:05] - End: get_delta done in 1.05 s
[2020-06-20 02:59:05] - Start: get_language
[2020-06-20 02:59:12] - End: get_language done in 7.41 s
[2020-06-20 02:59:12] - Start: get_in_word
[2020-06-20 02:59:13] - End: get_in_word done in 0.48 s
[2020-06-20 02:59:13] - Start: get_freq
[2020-06-20 02:59:13] - End: get_freq done in 0.02 s
[2020-06-20 02:59:13] - Start: get_agg_features
[2020-06-20 02:59:13] - End: get_agg_features done in 0.42 s
[2020-06-20 02:59:13] - Start: get_agg_features
[2020-06-20 02:59:14] - End: get_agg_features done in 0.46 s
[2020-06-20 02:59:14] - Start: get_agg_features
[2020-06-20 02:59:14] - End: get_agg_features done in 0.51 s
[2020-06-20 02:59:14] - Start: get_agg_features
[2020-06-20 03:00:36] - Start: main
[2020-06-20 03:00:36] - ★☆★☆★☆★☆★☆★☆★☆★☆★☆★☆★☆★☆★☆★☆★☆★☆★☆★☆★☆★☆★☆★☆★☆★☆
[2020-06-20 03:00:36] - Start: load_data
[2020-06-20 03:00:37] - End: load_data done in 0.67 s
[2020-06-20 03:00:37] - Start: get_title
[2020-06-20 03:00:37] - End: get_title done in 0.03 s
[2020-06-20 03:00:37] - Start: get_published
[2020-06-20 03:00:37] - End: get_published done in 0.09 s
[2020-06-20 03:00:37] - Start: get_channel
[2020-06-20 03:00:37] - End: get_channel done in 0.04 s
[2020-06-20 03:00:37] - Start: get_collection
[2020-06-20 03:00:37] - End: get_collection done in 0.12 s
[2020-06-20 03:00:37] - Start: get_tag
[2020-06-20 03:00:43] - End: get_tag done in 5.33 s
[2020-06-20 03:00:43] - Start: get_like_dislike_comment
[2020-06-20 03:00:43] - End: get_like_dislike_comment done in 0.01 s
[2020-06-20 03:00:43] - Start: get_description
[2020-06-20 03:00:43] - End: get_description done in 0.18 s
[2020-06-20 03:00:43] - Start: get_boolean
[2020-06-20 03:00:43] - End: get_boolean done in 0.00 s
[2020-06-20 03:00:43] - Start: get_delta
[2020-06-20 03:00:44] - End: get_delta done in 1.08 s
[2020-06-20 03:00:44] - Start: get_language
[2020-06-20 03:00:51] - End: get_language done in 7.41 s
[2020-06-20 03:00:51] - Start: get_in_word
[2020-06-20 03:00:52] - End: get_in_word done in 0.48 s
[2020-06-20 03:00:52] - Start: get_freq
[2020-06-20 03:00:52] - End: get_freq done in 0.01 s
[2020-06-20 03:00:52] - Start: get_agg_features
[2020-06-20 03:00:52] - End: get_agg_features done in 0.32 s
[2020-06-20 03:00:52] - Start: get_agg_features
[2020-06-20 03:00:53] - End: get_agg_features done in 0.36 s
[2020-06-20 03:00:53] - Start: get_agg_features
[2020-06-20 03:00:53] - End: get_agg_features done in 0.41 s
[2020-06-20 03:00:53] - Start: get_agg_features
[2020-06-20 03:00:54] - End: get_agg_features done in 0.44 s
[2020-06-20 03:00:54] - Start: get_agg_features
[2020-06-20 03:00:54] - End: get_agg_features done in 0.50 s
[2020-06-20 03:00:54] - Start: get_agg_features
[2020-06-20 03:00:55] - End: get_agg_features done in 0.54 s
[2020-06-20 03:00:55] - Save train test
[2020-06-20 03:00:55] - train shape: (19720, 215), test shape, (29582, 215)
[2020-06-20 03:00:55] - End: main done in 18.54 s
[2020-06-20 11:05:27] - Start: main
[2020-06-20 11:05:27] - ★☆★☆★☆★☆★☆★☆★☆★☆★☆★☆★☆★☆★☆★☆★☆★☆★☆★☆★☆★☆★☆★☆★☆★☆
[2020-06-20 11:05:27] - Start: load_data
[2020-06-20 11:05:28] - End: load_data done in 0.66 s
[2020-06-20 11:05:28] - Start: get_title
[2020-06-20 11:05:28] - End: get_title done in 0.03 s
[2020-06-20 11:05:28] - Start: get_published
[2020-06-20 11:05:28] - End: get_published done in 0.10 s
[2020-06-20 11:05:28] - Start: get_channel
[2020-06-20 11:05:28] - End: get_channel done in 0.04 s
[2020-06-20 11:05:28] - Start: get_collection
[2020-06-20 11:05:28] - End: get_collection done in 0.11 s
[2020-06-20 11:05:28] - Start: get_tag
[2020-06-20 11:05:34] - End: get_tag done in 5.27 s
[2020-06-20 11:05:34] - Start: get_like_dislike_comment
[2020-06-20 11:05:34] - End: get_like_dislike_comment done in 0.01 s
[2020-06-20 11:05:34] - Start: get_description
[2020-06-20 11:05:34] - End: get_description done in 0.19 s
[2020-06-20 11:05:34] - Start: get_boolean
[2020-06-20 11:05:34] - End: get_boolean done in 0.00 s
[2020-06-20 11:05:34] - Start: get_delta
[2020-06-20 11:05:35] - End: get_delta done in 1.07 s
[2020-06-20 11:05:35] - Start: get_language
[2020-06-20 11:05:42] - End: get_language done in 7.46 s
[2020-06-20 11:05:42] - Start: get_in_word
[2020-06-20 11:05:43] - End: get_in_word done in 0.48 s
[2020-06-20 11:05:43] - Start: get_freq
[2020-06-20 11:05:43] - End: get_freq done in 0.02 s
[2020-06-20 11:05:43] - Start: get_agg_features
[2020-06-20 11:05:43] - End: get_agg_features done in 0.31 s
[2020-06-20 11:05:43] - Start: get_agg_features
[2020-06-20 11:05:43] - End: get_agg_features done in 0.35 s
[2020-06-20 11:05:43] - Start: get_agg_features
[2020-06-20 11:05:44] - End: get_agg_features done in 0.36 s
[2020-06-20 11:05:44] - Start: get_agg_features
[2020-06-20 11:05:44] - End: get_agg_features done in 0.40 s
[2020-06-20 11:05:44] - Start: get_agg_features
[2020-06-20 11:05:45] - End: get_agg_features done in 0.48 s
[2020-06-20 11:05:45] - Start: get_agg_features
[2020-06-20 11:05:45] - End: get_agg_features done in 0.53 s
[2020-06-20 11:05:45] - Start: get_agg_features
[2020-06-20 11:05:46] - End: get_agg_features done in 0.61 s
[2020-06-20 11:05:46] - Start: get_agg_features
[2020-06-20 11:05:46] - End: get_agg_features done in 0.66 s
[2020-06-20 11:05:46] - Start: get_agg_features
[2020-06-20 11:05:47] - End: get_agg_features done in 0.72 s
[2020-06-20 11:05:47] - Start: get_agg_features
[2020-06-20 11:05:48] - End: get_agg_features done in 0.76 s
[2020-06-20 11:05:48] - Save train test
[2020-06-20 11:05:48] - train shape: (19720, 295), test shape, (29582, 295)
[2020-06-20 11:05:48] - End: main done in 21.19 s
[2020-06-20 22:14:57] - Start: main
[2020-06-20 22:14:57] - ★☆★☆★☆★☆★☆★☆★☆★☆★☆★☆★☆★☆★☆★☆★☆★☆★☆★☆★☆★☆★☆★☆★☆★☆
[2020-06-20 22:14:57] - Start: load_data
[2020-06-20 22:14:58] - End: load_data done in 0.72 s
[2020-06-20 22:14:58] - Start: get_title
[2020-06-20 22:14:58] - End: get_title done in 0.03 s
[2020-06-20 22:14:58] - Start: get_published
[2020-06-20 22:14:58] - End: get_published done in 0.08 s
[2020-06-20 22:14:58] - Start: get_channel
[2020-06-20 22:14:58] - End: get_channel done in 0.04 s
[2020-06-20 22:14:58] - Start: get_collection
[2020-06-20 22:14:58] - End: get_collection done in 0.12 s
[2020-06-20 22:14:58] - Start: get_tag
[2020-06-20 22:15:04] - End: get_tag done in 5.37 s
[2020-06-20 22:15:04] - Start: get_like_dislike_comment
[2020-06-20 22:15:04] - End: get_like_dislike_comment done in 0.01 s
[2020-06-20 22:15:04] - Start: get_description
[2020-06-20 22:15:04] - End: get_description done in 0.19 s
[2020-06-20 22:15:04] - Start: get_boolean
[2020-06-20 22:15:04] - End: get_boolean done in 0.00 s
[2020-06-20 22:15:04] - Start: get_delta
[2020-06-20 22:15:05] - End: get_delta done in 1.09 s
[2020-06-20 22:15:05] - Start: get_language
[2020-06-20 22:15:13] - End: get_language done in 7.69 s
[2020-06-20 22:15:13] - Start: get_in_word
[2020-06-20 22:15:13] - End: get_in_word done in 0.48 s
[2020-06-20 22:15:13] - Start: get_freq
[2020-06-20 22:15:13] - End: get_freq done in 0.02 s
[2020-06-20 22:15:13] - Start: get_agg_features
[2020-06-20 22:15:14] - End: get_agg_features done in 0.32 s
[2020-06-20 22:15:14] - Start: get_agg_features
[2020-06-20 22:15:14] - End: get_agg_features done in 0.35 s
[2020-06-20 22:15:14] - Start: get_agg_features
[2020-06-20 22:15:14] - End: get_agg_features done in 0.38 s
[2020-06-20 22:15:14] - Start: get_agg_features
[2020-06-20 22:15:15] - End: get_agg_features done in 0.42 s
[2020-06-20 22:15:15] - Start: get_agg_features
[2020-06-20 22:15:15] - End: get_agg_features done in 0.47 s
[2020-06-20 22:15:15] - Start: get_agg_features
[2020-06-20 22:15:16] - End: get_agg_features done in 0.52 s
[2020-06-20 22:15:16] - Start: get_agg_features
[2020-06-20 22:15:16] - End: get_agg_features done in 0.56 s
[2020-06-20 22:15:16] - Start: get_agg_features
[2020-06-20 22:15:17] - End: get_agg_features done in 0.59 s
[2020-06-20 22:15:17] - Start: get_agg_features
[2020-06-20 22:15:18] - End: get_agg_features done in 0.68 s
[2020-06-20 22:15:18] - Start: get_agg_features
[2020-06-20 22:15:18] - End: get_agg_features done in 0.77 s
[2020-06-20 22:15:18] - Start: get_agg_features
[2020-06-20 22:15:19] - End: get_agg_features done in 0.82 s
[2020-06-20 22:15:19] - Start: get_agg_features
[2020-06-20 22:15:20] - End: get_agg_features done in 0.94 s
[2020-06-20 22:15:20] - Start: get_agg_features
[2020-06-20 22:15:21] - End: get_agg_features done in 1.00 s
[2020-06-20 22:15:21] - Start: get_agg_features
[2020-06-20 22:15:22] - End: get_agg_features done in 1.05 s
[2020-06-20 22:15:22] - Start: get_agg_features
[2020-06-20 22:15:23] - End: get_agg_features done in 1.14 s
[2020-06-20 22:15:23] - Start: get_agg_features
[2020-06-20 22:15:25] - End: get_agg_features done in 1.19 s
[2020-06-20 22:15:25] - Start: get_agg_features
[2020-06-20 22:15:26] - End: get_agg_features done in 1.18 s
[2020-06-20 22:15:26] - Start: get_agg_features
[2020-06-20 22:15:27] - End: get_agg_features done in 1.31 s
[2020-06-20 22:15:27] - Save train test
[2020-06-20 22:15:28] - train shape: (19720, 455), test shape, (29582, 455)
[2020-06-20 22:15:28] - End: main done in 30.31 s
[2020-06-21 21:48:45] - Start: main
[2020-06-21 21:48:45] - ★☆★☆★☆★☆★☆★☆★☆★☆★☆★☆★☆★☆★☆★☆★☆★☆★☆★☆★☆★☆★☆★☆★☆★☆
[2020-06-21 21:48:45] - Start: load_data
[2020-06-21 21:48:46] - End: load_data done in 0.72 s
[2020-06-21 21:48:46] - Start: get_title
[2020-06-21 21:48:46] - End: get_title done in 0.02 s
[2020-06-21 21:48:46] - Start: get_published
[2020-06-21 21:48:46] - End: get_published done in 0.09 s
[2020-06-21 21:48:46] - Start: get_channel
[2020-06-21 21:48:46] - End: get_channel done in 0.04 s
[2020-06-21 21:48:46] - Start: get_collection
[2020-06-21 21:48:46] - End: get_collection done in 0.16 s
[2020-06-21 21:48:46] - Start: get_tag
[2020-06-21 21:48:52] - End: get_tag done in 5.42 s
[2020-06-21 21:48:52] - Start: get_like_dislike_comment
[2020-06-21 21:48:52] - End: get_like_dislike_comment done in 0.01 s
[2020-06-21 21:48:52] - Start: get_description
[2020-06-21 21:48:52] - End: get_description done in 0.19 s
[2020-06-21 21:48:52] - Start: get_boolean
[2020-06-21 21:48:52] - End: get_boolean done in 0.00 s
[2020-06-21 21:48:52] - Start: get_delta
[2020-06-21 21:48:53] - End: get_delta done in 1.12 s
[2020-06-21 21:48:53] - Start: get_language
[2020-06-21 21:49:01] - End: get_language done in 7.94 s
[2020-06-21 21:49:01] - Start: get_in_word
[2020-06-21 21:49:01] - End: get_in_word done in 0.47 s
[2020-06-21 21:49:01] - Start: get_freq
[2020-06-21 21:49:01] - End: get_freq done in 0.01 s
[2020-06-21 21:49:01] - Start: get_agg_features
[2020-06-21 21:49:02] - End: get_agg_features done in 0.34 s
[2020-06-21 21:49:02] - Start: get_agg_features
[2020-06-21 21:49:02] - End: get_agg_features done in 0.34 s
[2020-06-21 21:49:02] - Start: get_agg_features
[2020-06-21 21:49:02] - End: get_agg_features done in 0.36 s
[2020-06-21 21:49:02] - Start: get_agg_features
[2020-06-21 21:49:03] - End: get_agg_features done in 0.42 s
[2020-06-21 21:49:03] - Start: get_agg_features
[2020-06-21 21:49:03] - End: get_agg_features done in 0.48 s
[2020-06-21 21:49:03] - Start: get_agg_features
[2020-06-21 21:49:04] - End: get_agg_features done in 0.57 s
[2020-06-21 21:49:04] - Start: get_agg_features
[2020-06-21 21:49:05] - End: get_agg_features done in 0.54 s
[2020-06-21 21:49:05] - Start: get_agg_features
[2020-06-21 21:49:05] - End: get_agg_features done in 0.49 s
[2020-06-21 21:49:05] - Start: get_agg_features
[2020-06-21 21:49:06] - End: get_agg_features done in 0.53 s
[2020-06-21 21:49:06] - Start: get_agg_features
[2020-06-21 21:49:06] - End: get_agg_features done in 0.61 s
[2020-06-21 21:49:06] - Start: get_agg_features
[2020-06-21 21:49:07] - End: get_agg_features done in 0.63 s
[2020-06-21 21:49:07] - Start: get_agg_features
[2020-06-21 21:49:08] - End: get_agg_features done in 0.76 s
[2020-06-21 21:49:08] - Start: get_agg_features
[2020-06-21 21:49:09] - End: get_agg_features done in 0.96 s
[2020-06-21 21:49:09] - Start: get_agg_features
[2020-06-21 21:49:10] - End: get_agg_features done in 1.09 s
[2020-06-21 21:49:10] - Start: get_agg_features
[2020-06-21 21:49:11] - End: get_agg_features done in 1.10 s
[2020-06-21 21:49:11] - Start: get_agg_features
[2020-06-21 21:49:12] - End: get_agg_features done in 1.11 s
[2020-06-21 21:49:12] - Start: get_agg_features
[2020-06-21 21:49:13] - End: get_agg_features done in 1.23 s
[2020-06-21 21:49:13] - Start: get_agg_features
[2020-06-21 21:49:14] - End: get_agg_features done in 1.27 s
[2020-06-21 21:49:14] - Start: get_title_vectorizer
[2020-06-22 00:44:38] - End: get_title_vectorizer done in 10523.57 s
[2020-06-22 00:44:38] - Save train test
[2020-06-22 00:44:39] - train shape: (19720, 1223), test shape, (29582, 1223)
[2020-06-22 00:44:39] - End: main done in 10554.08 s
[2020-06-22 12:17:14] - Start: main
[2020-06-22 12:17:14] - ★☆★☆★☆★☆★☆★☆★☆★☆★☆★☆★☆★☆★☆★☆★☆★☆★☆★☆★☆★☆★☆★☆★☆★☆
[2020-06-22 12:17:14] - Start: load_data
[2020-06-22 12:17:15] - End: load_data done in 0.74 s
[2020-06-22 12:17:15] - Start: get_title
[2020-06-22 12:17:15] - End: get_title done in 0.02 s
[2020-06-22 12:17:15] - Start: get_published
[2020-06-22 12:17:15] - End: get_published done in 0.10 s
[2020-06-22 12:17:15] - Start: get_channel
[2020-06-22 12:17:15] - End: get_channel done in 0.05 s
[2020-06-22 12:17:15] - Start: get_collection
[2020-06-22 12:17:15] - End: get_collection done in 0.16 s
[2020-06-22 12:17:15] - Start: get_tag
[2020-06-22 12:17:21] - End: get_tag done in 5.60 s
[2020-06-22 12:17:21] - Start: get_like_dislike_comment
[2020-06-22 12:17:21] - End: get_like_dislike_comment done in 0.01 s
[2020-06-22 12:17:21] - Start: get_description
[2020-06-22 12:17:21] - End: get_description done in 0.19 s
[2020-06-22 12:17:21] - Start: get_boolean
[2020-06-22 12:17:21] - End: get_boolean done in 0.00 s
[2020-06-22 12:17:21] - Start: get_delta
[2020-06-22 12:17:22] - End: get_delta done in 1.23 s
[2020-06-22 12:17:22] - Start: get_language
[2020-06-22 12:17:30] - End: get_language done in 8.05 s
[2020-06-22 12:17:30] - Start: get_in_word
[2020-06-22 12:17:31] - End: get_in_word done in 0.55 s
[2020-06-22 12:17:31] - Start: get_freq
[2020-06-22 12:17:31] - End: get_freq done in 0.02 s
[2020-06-22 12:17:31] - Start: get_agg_features
[2020-06-22 12:17:46] - End: get_agg_features done in 15.17 s
[2020-06-22 12:17:46] - Start: concat_title_vectorizer
[2020-06-22 12:17:46] - End: concat_title_vectorizer done in 0.64 s
[2020-06-22 12:17:46] - Start: concat_title_umap_vectorizer
[2020-06-22 12:17:47] - End: concat_title_umap_vectorizer done in 0.67 s
[2020-06-22 12:17:47] - Save train test
[2020-06-22 12:17:48] - train shape: (19720, 1233), test shape, (29582, 1233)
[2020-06-22 12:17:48] - End: main done in 34.41 s
[2020-06-22 12:18:26] - Start: main
[2020-06-22 12:18:26] - ★☆★☆★☆★☆★☆★☆★☆★☆★☆★☆★☆★☆★☆★☆★☆★☆★☆★☆★☆★☆★☆★☆★☆★☆
[2020-06-22 12:18:26] - Start: load_data
[2020-06-22 12:18:27] - End: load_data done in 0.62 s
[2020-06-22 12:18:27] - Start: get_title
[2020-06-22 12:18:27] - End: get_title done in 0.03 s
[2020-06-22 12:18:27] - Start: get_published
[2020-06-22 12:18:27] - End: get_published done in 0.08 s
[2020-06-22 12:18:27] - Start: get_channel
[2020-06-22 12:18:27] - End: get_channel done in 0.04 s
[2020-06-22 12:18:27] - Start: get_collection
[2020-06-22 12:18:27] - End: get_collection done in 0.12 s
[2020-06-22 12:18:27] - Start: get_tag
[2020-06-22 12:18:33] - End: get_tag done in 5.36 s
[2020-06-22 12:18:33] - Start: get_like_dislike_comment
[2020-06-22 12:18:33] - End: get_like_dislike_comment done in 0.02 s
[2020-06-22 12:18:33] - Start: get_description
[2020-06-22 12:18:33] - End: get_description done in 0.18 s
[2020-06-22 12:18:33] - Start: get_boolean
[2020-06-22 12:18:33] - End: get_boolean done in 0.00 s
[2020-06-22 12:18:33] - Start: get_delta
[2020-06-22 12:18:34] - End: get_delta done in 1.09 s
[2020-06-22 12:18:34] - Start: get_language
[2020-06-22 12:18:42] - End: get_language done in 7.53 s
[2020-06-22 12:18:42] - Start: get_in_word
[2020-06-22 12:18:42] - End: get_in_word done in 0.48 s
[2020-06-22 12:18:42] - Start: get_freq
[2020-06-22 12:18:42] - End: get_freq done in 0.01 s
[2020-06-22 12:18:42] - Start: get_agg_features
[2020-06-22 12:18:57] - End: get_agg_features done in 14.66 s
[2020-06-22 12:18:57] - Start: concat_title_vectorizer
[2020-06-22 12:18:57] - End: concat_title_vectorizer done in 0.67 s
[2020-06-22 12:18:57] - Start: concat_title_umap_vectorizer
[2020-06-22 12:18:58] - End: concat_title_umap_vectorizer done in 0.69 s
[2020-06-22 12:18:58] - Save train test
[2020-06-22 12:18:59] - train shape: (19720, 1233), test shape, (29582, 1233)
[2020-06-22 12:18:59] - End: main done in 32.85 s
[2020-06-22 23:22:11] - Start: main
[2020-06-22 23:22:11] - ★☆★☆★☆★☆★☆★☆★☆★☆★☆★☆★☆★☆★☆★☆★☆★☆★☆★☆★☆★☆★☆★☆★☆★☆
[2020-06-22 23:22:11] - Start: load_data
[2020-06-22 23:22:12] - End: load_data done in 0.66 s
[2020-06-22 23:22:12] - Start: get_title
[2020-06-22 23:22:12] - End: get_title done in 0.02 s
[2020-06-22 23:22:12] - Start: get_published
[2020-06-22 23:22:12] - End: get_published done in 0.09 s
[2020-06-22 23:22:12] - Start: get_channel
[2020-06-22 23:22:12] - End: get_channel done in 0.04 s
[2020-06-22 23:22:12] - Start: get_collection
[2020-06-22 23:22:12] - End: get_collection done in 0.11 s
[2020-06-22 23:22:12] - Start: get_tag
[2020-06-22 23:22:18] - End: get_tag done in 5.41 s
[2020-06-22 23:22:18] - Start: get_like_dislike_comment
[2020-06-22 23:22:18] - End: get_like_dislike_comment done in 0.01 s
[2020-06-22 23:22:18] - Start: get_description
[2020-06-22 23:22:18] - End: get_description done in 0.19 s
[2020-06-22 23:22:18] - Start: get_boolean
[2020-06-22 23:22:18] - End: get_boolean done in 0.00 s
[2020-06-22 23:22:18] - Start: get_delta
[2020-06-22 23:22:19] - End: get_delta done in 1.09 s
[2020-06-22 23:22:19] - Start: get_language
[2020-06-22 23:22:26] - End: get_language done in 7.59 s
[2020-06-22 23:22:26] - Start: get_in_word
[2020-06-22 23:22:27] - End: get_in_word done in 0.47 s
[2020-06-22 23:22:27] - Start: get_freq
[2020-06-22 23:22:27] - End: get_freq done in 0.02 s
[2020-06-22 23:22:27] - Start: get_agg_features
[2020-06-22 23:23:29] - End: get_agg_features done in 62.39 s
[2020-06-22 23:23:29] - Start: concat_title_vectorizer
[2020-06-22 23:23:30] - End: concat_title_vectorizer done in 0.83 s
[2020-06-22 23:23:30] - Start: concat_title_umap_vectorizer
[2020-06-22 23:23:31] - End: concat_title_umap_vectorizer done in 0.91 s
[2020-06-22 23:23:31] - Save train test
[2020-06-22 23:23:33] - train shape: (19720, 1593), test shape, (29582, 1593)
[2020-06-22 23:23:33] - End: main done in 81.70 s
[2020-06-23 00:35:50] - Start: main
[2020-06-23 00:35:50] - ★☆★☆★☆★☆★☆★☆★☆★☆★☆★☆★☆★☆★☆★☆★☆★☆★☆★☆★☆★☆★☆★☆★☆★☆
[2020-06-23 00:35:50] - Start: load_data
[2020-06-23 00:35:51] - End: load_data done in 0.66 s
[2020-06-23 00:35:51] - Start: get_title
[2020-06-23 00:35:51] - End: get_title done in 0.02 s
[2020-06-23 00:35:51] - Start: get_published
[2020-06-23 00:35:51] - End: get_published done in 0.09 s
[2020-06-23 00:35:51] - Start: get_channel
[2020-06-23 00:35:51] - End: get_channel done in 0.04 s
[2020-06-23 00:35:51] - Start: get_collection
[2020-06-23 00:35:51] - End: get_collection done in 0.15 s
[2020-06-23 00:35:51] - Start: get_tag
[2020-06-23 00:35:57] - End: get_tag done in 5.13 s
[2020-06-23 00:35:57] - Start: get_like_dislike_comment
[2020-06-23 00:35:57] - End: get_like_dislike_comment done in 0.01 s
[2020-06-23 00:35:57] - Start: get_description
[2020-06-23 00:35:57] - End: get_description done in 0.19 s
[2020-06-23 00:35:57] - Start: get_boolean
[2020-06-23 00:35:57] - End: get_boolean done in 0.00 s
[2020-06-23 00:35:57] - Start: get_delta
[2020-06-23 00:35:58] - End: get_delta done in 1.07 s
[2020-06-23 00:35:58] - Start: get_language
[2020-06-23 00:36:05] - End: get_language done in 7.32 s
[2020-06-23 00:36:05] - Start: get_in_word
[2020-06-23 00:36:06] - End: get_in_word done in 0.47 s
[2020-06-23 00:36:06] - Start: get_freq
[2020-06-23 00:36:06] - End: get_freq done in 0.01 s
[2020-06-23 00:36:06] - Start: get_binning
[2020-06-23 00:36:06] - End: get_binning done in 0.00 s
[2020-06-23 00:36:06] - Start: get_agg_features
[2020-06-23 00:37:51] - End: get_agg_features done in 104.85 s
[2020-06-23 00:37:51] - Start: concat_title_vectorizer
[2020-06-23 00:37:51] - End: concat_title_vectorizer done in 0.79 s
[2020-06-23 00:37:51] - Start: get_desc_vectorizer
[2020-06-23 03:06:23] - End: get_desc_vectorizer done in 8911.84 s
[2020-06-23 03:06:23] - Start: concat_title_umap_vectorizer
[2020-06-23 03:06:25] - End: concat_title_umap_vectorizer done in 1.47 s
[2020-06-23 03:06:26] - Save train test
[2020-06-23 03:06:27] - train shape: (19720, 2543), test shape, (29582, 2543)
[2020-06-23 03:06:27] - End: main done in 9036.91 s
[2020-06-23 22:38:43] - Start: main
[2020-06-23 22:38:43] - ★☆★☆★☆★☆★☆★☆★☆★☆★☆★☆★☆★☆★☆★☆★☆★☆★☆★☆★☆★☆★☆★☆★☆★☆
[2020-06-23 22:38:43] - Start: load_data
[2020-06-23 22:38:43] - End: load_data done in 0.75 s
[2020-06-23 22:38:44] - Start: get_title
[2020-06-23 22:38:44] - End: get_title done in 0.03 s
[2020-06-23 22:38:44] - Start: get_published
[2020-06-23 22:38:44] - End: get_published done in 0.11 s
[2020-06-23 22:38:44] - Start: get_channel
[2020-06-23 22:38:44] - End: get_channel done in 0.04 s
[2020-06-23 22:38:44] - Start: get_collection
[2020-06-23 22:38:44] - End: get_collection done in 0.16 s
[2020-06-23 22:38:44] - Start: get_tag
[2020-06-23 22:38:49] - End: get_tag done in 5.55 s
[2020-06-23 22:38:49] - Start: get_like_dislike_comment
[2020-06-23 22:38:49] - End: get_like_dislike_comment done in 0.01 s
[2020-06-23 22:38:49] - Start: get_description
[2020-06-23 22:38:50] - End: get_description done in 0.20 s
[2020-06-23 22:38:50] - Start: get_boolean
[2020-06-23 22:38:50] - End: get_boolean done in 0.00 s
[2020-06-23 22:38:50] - Start: get_delta
[2020-06-23 22:38:51] - End: get_delta done in 1.14 s
[2020-06-23 22:38:51] - Start: get_language
[2020-06-23 22:38:59] - End: get_language done in 7.76 s
[2020-06-23 22:38:59] - Start: get_in_word
[2020-06-23 22:38:59] - End: get_in_word done in 0.49 s
[2020-06-23 22:38:59] - Start: get_freq
[2020-06-23 22:38:59] - End: get_freq done in 0.01 s
[2020-06-23 22:38:59] - Start: get_binning
[2020-06-23 22:38:59] - End: get_binning done in 0.00 s
[2020-06-23 22:38:59] - Start: get_agg_features
[2020-06-23 22:43:33] - End: get_agg_features done in 273.61 s
[2020-06-23 22:43:33] - Start: concat_title_vectorizer
[2020-06-23 22:43:34] - End: concat_title_vectorizer done in 1.50 s
[2020-06-23 22:43:34] - Start: concat_desc_vectorizer
[2020-06-23 22:43:36] - End: concat_desc_vectorizer done in 1.69 s
[2020-06-23 22:43:36] - Start: concat_title_umap_vectorizer
[2020-06-23 22:43:38] - End: concat_title_umap_vectorizer done in 1.95 s
[2020-06-23 22:43:38] - Start: concat_description_umap_vectorizer
[2020-06-23 22:43:40] - End: concat_description_umap_vectorizer done in 2.16 s
[2020-06-23 22:43:42] - Save train test
[2020-06-23 22:43:44] - train shape: (19720, 2916), test shape, (29582, 2916)
[2020-06-23 22:43:44] - End: main done in 301.44 s
[2020-06-24 00:18:31] - Start: main
[2020-06-24 00:18:31] - ★☆★☆★☆★☆★☆★☆★☆★☆★☆★☆★☆★☆★☆★☆★☆★☆★☆★☆★☆★☆★☆★☆★☆★☆
[2020-06-24 00:18:31] - Start: load_data
[2020-06-24 00:18:31] - End: load_data done in 0.69 s
[2020-06-24 00:18:31] - Start: get_title
[2020-06-24 00:18:31] - End: get_title done in 0.02 s
[2020-06-24 00:18:31] - Start: get_published
[2020-06-24 00:18:31] - End: get_published done in 0.11 s
[2020-06-24 00:18:31] - Start: get_channel
[2020-06-24 00:18:32] - End: get_channel done in 0.04 s
[2020-06-24 00:18:32] - Start: get_collection
[2020-06-24 00:18:32] - End: get_collection done in 0.16 s
[2020-06-24 00:18:32] - Start: get_tag
[2020-06-24 00:18:37] - End: get_tag done in 5.32 s
[2020-06-24 00:18:37] - Start: get_like_dislike_comment
[2020-06-24 00:18:37] - End: get_like_dislike_comment done in 0.01 s
[2020-06-24 00:18:37] - Start: get_description
[2020-06-24 00:18:37] - End: get_description done in 0.18 s
[2020-06-24 00:18:37] - Start: get_boolean
[2020-06-24 00:18:37] - End: get_boolean done in 0.00 s
[2020-06-24 00:18:37] - Start: get_delta
[2020-06-24 00:18:38] - End: get_delta done in 1.12 s
[2020-06-24 00:18:38] - Start: get_language
[2020-06-24 00:18:46] - End: get_language done in 7.50 s
[2020-06-24 00:18:46] - Start: get_in_word
[2020-06-24 00:18:46] - End: get_in_word done in 0.49 s
[2020-06-24 00:18:46] - Start: get_freq
[2020-06-24 00:18:46] - End: get_freq done in 0.02 s
[2020-06-24 00:18:46] - Start: get_binning
[2020-06-24 00:18:46] - End: get_binning done in 0.00 s
[2020-06-24 00:18:46] - Start: get_agg_features
[2020-06-24 00:24:25] - End: get_agg_features done in 338.86 s
[2020-06-24 00:24:25] - Start: concat_title_vectorizer
[2020-06-24 00:24:27] - End: concat_title_vectorizer done in 1.59 s
[2020-06-24 00:24:27] - Start: concat_desc_vectorizer
[2020-06-24 00:24:29] - End: concat_desc_vectorizer done in 2.03 s
[2020-06-24 00:24:29] - Start: concat_title_umap_vectorizer
[2020-06-24 00:24:31] - End: concat_title_umap_vectorizer done in 2.04 s
[2020-06-24 00:24:31] - Start: concat_description_umap_vectorizer
[2020-06-24 00:24:33] - End: concat_description_umap_vectorizer done in 2.05 s
[2020-06-24 00:24:34] - Save train test
[2020-06-24 00:24:37] - train shape: (19720, 3036), test shape, (29582, 3036)
[2020-06-24 00:24:37] - End: main done in 366.24 s
[2020-06-27 00:56:39] - Start: main
[2020-06-27 00:56:39] - ★☆★☆★☆★☆★☆★☆★☆★☆★☆★☆★☆★☆★☆★☆★☆★☆★☆★☆★☆★☆★☆★☆★☆★☆
[2020-06-27 00:56:39] - Start: load_data
[2020-06-27 00:56:40] - End: load_data done in 0.80 s
[2020-06-27 00:56:40] - Start: get_title
[2020-06-27 00:56:40] - End: get_title done in 0.03 s
[2020-06-27 00:56:40] - Start: get_published
[2020-06-27 00:56:40] - End: get_published done in 0.11 s
[2020-06-27 00:56:40] - Start: get_channel
[2020-06-27 00:56:40] - End: get_channel done in 0.04 s
[2020-06-27 00:56:40] - Start: get_collection
[2020-06-27 00:56:40] - End: get_collection done in 0.17 s
[2020-06-27 00:56:40] - Start: get_tag
[2020-06-27 00:56:46] - End: get_tag done in 5.95 s
[2020-06-27 00:56:46] - Start: get_like_dislike_comment
[2020-06-27 00:56:46] - End: get_like_dislike_comment done in 0.02 s
[2020-06-27 00:56:46] - Start: get_description
[2020-06-27 00:56:46] - End: get_description done in 0.23 s
[2020-06-27 00:56:46] - Start: get_boolean
[2020-06-27 00:56:46] - End: get_boolean done in 0.00 s
[2020-06-27 00:56:46] - Start: get_delta
[2020-06-27 00:56:48] - End: get_delta done in 1.47 s
[2020-06-27 00:56:48] - Start: get_language
[2020-06-27 00:56:56] - End: get_language done in 8.51 s
[2020-06-27 00:56:56] - Start: get_in_word
[2020-06-27 00:56:59] - End: get_in_word done in 2.59 s
[2020-06-27 00:56:59] - Start: get_freq
[2020-06-27 00:56:59] - End: get_freq done in 0.04 s
[2020-06-27 00:56:59] - Start: get_binning
[2020-06-27 00:56:59] - End: get_binning done in 0.00 s
[2020-06-27 00:56:59] - Start: get_agg_features
[2020-06-27 00:59:52] - End: get_agg_features done in 172.85 s
[2020-06-27 00:59:52] - Start: concat_title_vectorizer
[2020-06-27 00:59:53] - End: concat_title_vectorizer done in 1.15 s
[2020-06-27 00:59:53] - Start: concat_desc_vectorizer
[2020-06-27 00:59:55] - End: concat_desc_vectorizer done in 1.94 s
[2020-06-27 00:59:55] - Start: concat_title_umap_vectorizer
[2020-06-27 00:59:57] - End: concat_title_umap_vectorizer done in 2.06 s
[2020-06-27 00:59:57] - Start: concat_title_tfidf_umap_vectorizer
[2020-06-27 00:59:59] - End: concat_title_tfidf_umap_vectorizer done in 2.04 s
[2020-06-27 00:59:59] - Start: concat_description_umap_vectorizer
[2020-06-27 01:00:01] - End: concat_description_umap_vectorizer done in 1.96 s
[2020-06-27 01:00:02] - Save train test
[2020-06-27 01:00:05] - train shape: (19720, 2716), test shape, (29582, 2716)
[2020-06-27 01:00:05] - End: main done in 206.08 s
[2020-06-27 01:13:50] - Start: main
[2020-06-27 01:13:50] - ★☆★☆★☆★☆★☆★☆★☆★☆★☆★☆★☆★☆★☆★☆★☆★☆★☆★☆★☆★☆★☆★☆★☆★☆
[2020-06-27 01:13:50] - Start: load_data
[2020-06-27 01:13:51] - End: load_data done in 0.74 s
[2020-06-27 01:13:51] - Start: get_title
[2020-06-27 01:13:51] - End: get_title done in 0.02 s
[2020-06-27 01:13:51] - Start: get_published
[2020-06-27 01:13:51] - End: get_published done in 0.08 s
[2020-06-27 01:13:51] - Start: get_channel
[2020-06-27 01:13:51] - End: get_channel done in 0.04 s
[2020-06-27 01:13:51] - Start: get_collection
[2020-06-27 01:13:51] - End: get_collection done in 0.16 s
[2020-06-27 01:13:51] - Start: get_tag
[2020-06-27 01:13:57] - End: get_tag done in 6.01 s
[2020-06-27 01:13:57] - Start: get_like_dislike_comment
[2020-06-27 01:13:57] - End: get_like_dislike_comment done in 0.02 s
[2020-06-27 01:13:57] - Start: get_description
[2020-06-27 01:13:58] - End: get_description done in 0.20 s
[2020-06-27 01:13:58] - Start: get_boolean
[2020-06-27 01:13:58] - End: get_boolean done in 0.00 s
[2020-06-27 01:13:58] - Start: get_delta
[2020-06-27 01:13:59] - End: get_delta done in 1.16 s
[2020-06-27 01:13:59] - Start: get_language
[2020-06-27 01:14:06] - End: get_language done in 7.50 s
[2020-06-27 01:14:06] - Start: get_in_word
[2020-06-27 01:14:09] - End: get_in_word done in 2.49 s
[2020-06-27 01:14:09] - Start: get_freq
[2020-06-27 01:14:09] - End: get_freq done in 0.04 s
[2020-06-27 01:14:09] - Start: get_binning
[2020-06-27 01:14:09] - End: get_binning done in 0.00 s
[2020-06-27 01:14:09] - Start: get_agg_features
[2020-06-27 01:16:51] - End: get_agg_features done in 162.17 s
[2020-06-27 01:16:51] - Start: concat_title_vectorizer
[2020-06-27 01:16:52] - End: concat_title_vectorizer done in 0.93 s
[2020-06-27 01:16:52] - Start: concat_desc_vectorizer
[2020-06-27 01:16:54] - End: concat_desc_vectorizer done in 1.54 s
[2020-06-27 01:16:54] - Start: concat_title_umap_vectorizer
[2020-06-27 01:16:56] - End: concat_title_umap_vectorizer done in 1.96 s
[2020-06-27 01:16:56] - Start: concat_title_tfidf_umap_vectorizer
[2020-06-27 01:16:58] - End: concat_title_tfidf_umap_vectorizer done in 1.88 s
[2020-06-27 01:16:58] - Start: concat_description_umap_vectorizer
[2020-06-27 01:17:00] - End: concat_description_umap_vectorizer done in 1.84 s
[2020-06-27 01:17:01] - Save train test
[2020-06-27 01:17:03] - train shape: (19720, 2716), test shape, (29582, 2716)
[2020-06-27 01:17:03] - End: main done in 192.62 s
[2020-06-27 08:16:43] - Start: main
[2020-06-27 08:16:43] - ★☆★☆★☆★☆★☆★☆★☆★☆★☆★☆★☆★☆★☆★☆★☆★☆★☆★☆★☆★☆★☆★☆★☆★☆
[2020-06-27 08:16:43] - Start: load_data
[2020-06-27 08:16:44] - End: load_data done in 0.67 s
[2020-06-27 08:16:44] - Start: get_title
[2020-06-27 08:16:44] - End: get_title done in 0.03 s
[2020-06-27 08:16:44] - Start: get_published
[2020-06-27 08:16:44] - End: get_published done in 0.09 s
[2020-06-27 08:16:44] - Start: get_channel
[2020-06-27 08:16:44] - End: get_channel done in 0.04 s
[2020-06-27 08:16:44] - Start: get_collection
[2020-06-27 08:16:44] - End: get_collection done in 0.10 s
[2020-06-27 08:16:44] - Start: get_tag
[2020-06-27 08:16:49] - End: get_tag done in 5.43 s
[2020-06-27 08:16:49] - Start: get_like_dislike_comment
[2020-06-27 08:16:49] - End: get_like_dislike_comment done in 0.01 s
[2020-06-27 08:16:49] - Start: get_description
[2020-06-27 08:16:50] - End: get_description done in 0.18 s
[2020-06-27 08:16:50] - Start: get_boolean
[2020-06-27 08:16:50] - End: get_boolean done in 0.00 s
[2020-06-27 08:16:50] - Start: get_delta
[2020-06-27 08:17:42] - Start: main
[2020-06-27 08:17:42] - ★☆★☆★☆★☆★☆★☆★☆★☆★☆★☆★☆★☆★☆★☆★☆★☆★☆★☆★☆★☆★☆★☆★☆★☆
[2020-06-27 08:17:42] - Start: load_data
[2020-06-27 08:17:43] - End: load_data done in 0.64 s
[2020-06-27 08:17:43] - Start: get_title
[2020-06-27 08:17:43] - End: get_title done in 0.02 s
[2020-06-27 08:17:43] - Start: get_published
[2020-06-27 08:17:43] - End: get_published done in 0.08 s
[2020-06-27 08:17:43] - Start: get_channel
[2020-06-27 08:17:43] - End: get_channel done in 0.04 s
[2020-06-27 08:17:43] - Start: get_collection
[2020-06-27 08:17:43] - End: get_collection done in 0.09 s
[2020-06-27 08:17:43] - Start: get_tag
[2020-06-27 08:17:49] - End: get_tag done in 5.92 s
[2020-06-27 08:17:49] - Start: get_like_dislike_comment
[2020-06-27 08:17:49] - End: get_like_dislike_comment done in 0.01 s
[2020-06-27 08:17:49] - Start: get_description
[2020-06-27 08:17:50] - End: get_description done in 0.20 s
[2020-06-27 08:17:50] - Start: get_boolean
[2020-06-27 08:17:50] - End: get_boolean done in 0.00 s
[2020-06-27 08:17:50] - Start: get_delta
[2020-06-27 08:17:51] - End: get_delta done in 1.37 s
[2020-06-27 08:17:51] - Start: get_language
[2020-06-27 08:18:00] - End: get_language done in 8.97 s
[2020-06-27 08:18:00] - Start: get_in_word
[2020-06-27 08:18:03] - End: get_in_word done in 2.74 s
[2020-06-27 08:18:03] - Start: get_freq
[2020-06-27 08:18:03] - End: get_freq done in 0.04 s
[2020-06-27 08:18:03] - Start: get_binning
[2020-06-27 08:19:30] - Start: main
[2020-06-27 08:19:30] - ★☆★☆★☆★☆★☆★☆★☆★☆★☆★☆★☆★☆★☆★☆★☆★☆★☆★☆★☆★☆★☆★☆★☆★☆
[2020-06-27 08:19:30] - Start: load_data
[2020-06-27 08:19:31] - End: load_data done in 0.66 s
[2020-06-27 08:19:31] - Start: get_title
[2020-06-27 08:19:31] - End: get_title done in 0.03 s
[2020-06-27 08:19:31] - Start: get_published
[2020-06-27 08:19:31] - End: get_published done in 0.09 s
[2020-06-27 08:19:31] - Start: get_channel
[2020-06-27 08:19:31] - End: get_channel done in 0.04 s
[2020-06-27 08:19:31] - Start: get_collection
[2020-06-27 08:19:31] - End: get_collection done in 0.09 s
[2020-06-27 08:19:31] - Start: get_tag
[2020-06-27 08:19:36] - End: get_tag done in 5.36 s
[2020-06-27 08:19:36] - Start: get_like_dislike_comment
[2020-06-27 08:19:36] - End: get_like_dislike_comment done in 0.01 s
[2020-06-27 08:19:36] - Start: get_description
[2020-06-27 08:19:36] - End: get_description done in 0.18 s
[2020-06-27 08:19:36] - Start: get_boolean
[2020-06-27 08:19:36] - End: get_boolean done in 0.00 s
[2020-06-27 08:19:36] - Start: get_delta
[2020-06-27 08:19:38] - End: get_delta done in 1.22 s
[2020-06-27 08:19:38] - Start: get_language
[2020-06-27 08:19:45] - End: get_language done in 7.74 s
[2020-06-27 08:19:45] - Start: get_in_word
[2020-06-27 08:19:48] - End: get_in_word done in 2.51 s
[2020-06-27 08:19:48] - Start: get_freq
[2020-06-27 08:19:48] - End: get_freq done in 0.04 s
[2020-06-27 08:19:48] - Start: get_binning
[2020-06-27 08:20:26] - Start: main
[2020-06-27 08:20:26] - ★☆★☆★☆★☆★☆★☆★☆★☆★☆★☆★☆★☆★☆★☆★☆★☆★☆★☆★☆★☆★☆★☆★☆★☆
[2020-06-27 08:20:26] - Start: load_data
[2020-06-27 08:20:27] - End: load_data done in 0.66 s
[2020-06-27 08:20:27] - Start: get_title
[2020-06-27 08:20:27] - End: get_title done in 0.02 s
[2020-06-27 08:20:27] - Start: get_published
[2020-06-27 08:20:27] - End: get_published done in 0.09 s
[2020-06-27 08:20:27] - Start: get_channel
[2020-06-27 08:20:27] - End: get_channel done in 0.05 s
[2020-06-27 08:20:27] - Start: get_collection
[2020-06-27 08:20:27] - End: get_collection done in 0.10 s
[2020-06-27 08:20:27] - Start: get_tag
[2020-06-27 08:20:33] - End: get_tag done in 5.32 s
[2020-06-27 08:20:33] - Start: get_like_dislike_comment
[2020-06-27 08:20:33] - End: get_like_dislike_comment done in 0.01 s
[2020-06-27 08:20:33] - Start: get_description
[2020-06-27 08:20:33] - End: get_description done in 0.18 s
[2020-06-27 08:20:33] - Start: get_boolean
[2020-06-27 08:20:33] - End: get_boolean done in 0.00 s
[2020-06-27 08:20:33] - Start: get_delta
[2020-06-27 08:20:34] - End: get_delta done in 1.26 s
[2020-06-27 08:20:34] - Start: get_language
[2020-06-27 08:20:42] - End: get_language done in 7.48 s
[2020-06-27 08:20:42] - Start: get_in_word
[2020-06-27 08:20:44] - End: get_in_word done in 2.51 s
[2020-06-27 08:20:44] - Start: get_freq
[2020-06-27 08:20:44] - End: get_freq done in 0.04 s
[2020-06-27 08:20:44] - Start: get_binning
[2020-06-27 08:23:58] - Start: main
[2020-06-27 08:23:58] - ★☆★☆★☆★☆★☆★☆★☆★☆★☆★☆★☆★☆★☆★☆★☆★☆★☆★☆★☆★☆★☆★☆★☆★☆
[2020-06-27 08:23:58] - Start: load_data
[2020-06-27 08:23:59] - End: load_data done in 0.63 s
[2020-06-27 08:23:59] - Start: get_title
[2020-06-27 08:23:59] - End: get_title done in 0.03 s
[2020-06-27 08:23:59] - Start: get_published
[2020-06-27 08:23:59] - End: get_published done in 0.08 s
[2020-06-27 08:23:59] - Start: get_channel
[2020-06-27 08:23:59] - End: get_channel done in 0.04 s
[2020-06-27 08:23:59] - Start: get_collection
[2020-06-27 08:23:59] - End: get_collection done in 0.09 s
[2020-06-27 08:23:59] - Start: get_tag
[2020-06-27 08:24:04] - End: get_tag done in 5.38 s
[2020-06-27 08:24:04] - Start: get_like_dislike_comment
[2020-06-27 08:24:05] - End: get_like_dislike_comment done in 0.01 s
[2020-06-27 08:24:05] - Start: get_description
[2020-06-27 08:24:05] - End: get_description done in 0.19 s
[2020-06-27 08:24:05] - Start: get_boolean
[2020-06-27 08:24:05] - End: get_boolean done in 0.00 s
[2020-06-27 08:24:05] - Start: get_delta
[2020-06-27 08:24:06] - End: get_delta done in 1.27 s
[2020-06-27 08:24:06] - Start: get_language
[2020-06-27 08:24:14] - End: get_language done in 7.68 s
[2020-06-27 08:24:14] - Start: get_in_word
[2020-06-27 08:24:16] - End: get_in_word done in 2.55 s
[2020-06-27 08:24:16] - Start: get_freq
[2020-06-27 08:24:16] - End: get_freq done in 0.04 s
[2020-06-27 08:24:16] - Start: get_binning
[2020-06-27 08:24:54] - Start: main
[2020-06-27 08:24:54] - ★☆★☆★☆★☆★☆★☆★☆★☆★☆★☆★☆★☆★☆★☆★☆★☆★☆★☆★☆★☆★☆★☆★☆★☆
[2020-06-27 08:24:54] - Start: load_data
[2020-06-27 08:24:54] - End: load_data done in 0.77 s
[2020-06-27 08:24:54] - Start: get_title
[2020-06-27 08:24:55] - End: get_title done in 0.03 s
[2020-06-27 08:24:55] - Start: get_published
[2020-06-27 08:24:55] - End: get_published done in 0.09 s
[2020-06-27 08:24:55] - Start: get_channel
[2020-06-27 08:24:55] - End: get_channel done in 0.04 s
[2020-06-27 08:24:55] - Start: get_collection
[2020-06-27 08:24:55] - End: get_collection done in 0.10 s
[2020-06-27 08:24:55] - Start: get_tag
[2020-06-27 08:25:00] - End: get_tag done in 5.59 s
[2020-06-27 08:25:00] - Start: get_like_dislike_comment
[2020-06-27 08:25:00] - End: get_like_dislike_comment done in 0.01 s
[2020-06-27 08:25:00] - Start: get_description
[2020-06-27 08:25:01] - End: get_description done in 0.19 s
[2020-06-27 08:25:01] - Start: get_boolean
[2020-06-27 08:25:01] - End: get_boolean done in 0.00 s
[2020-06-27 08:25:01] - Start: get_delta
[2020-06-27 08:25:02] - End: get_delta done in 1.31 s
[2020-06-27 08:25:02] - Start: get_language
[2020-06-27 08:25:10] - End: get_language done in 7.68 s
[2020-06-27 08:25:10] - Start: get_in_word
[2020-06-27 08:25:12] - End: get_in_word done in 2.55 s
[2020-06-27 08:25:12] - Start: get_freq
[2020-06-27 08:25:12] - End: get_freq done in 0.04 s
[2020-06-27 08:25:12] - Start: get_binning
[2020-06-27 08:25:12] - End: get_binning done in 0.00 s
[2020-06-27 08:25:12] - Start: get_agg_features
[2020-06-27 08:34:26] - End: get_agg_features done in 554.25 s
[2020-06-27 08:34:26] - Start: get_title_bert_vectorizer
[2020-06-27 08:37:48] - Start: main
[2020-06-27 08:37:48] - ★☆★☆★☆★☆★☆★☆★☆★☆★☆★☆★☆★☆★☆★☆★☆★☆★☆★☆★☆★☆★☆★☆★☆★☆
[2020-06-27 08:37:48] - Start: load_data
[2020-06-27 08:37:48] - End: load_data done in 0.66 s
[2020-06-27 08:37:48] - Start: get_title
[2020-06-27 08:37:48] - End: get_title done in 0.02 s
[2020-06-27 08:37:48] - Start: get_published
[2020-06-27 08:37:48] - End: get_published done in 0.09 s
[2020-06-27 08:37:48] - Start: get_channel
[2020-06-27 08:37:48] - End: get_channel done in 0.04 s
[2020-06-27 08:37:48] - Start: get_collection
[2020-06-27 08:37:49] - End: get_collection done in 0.09 s
[2020-06-27 08:37:49] - Start: get_tag
[2020-06-27 08:37:54] - End: get_tag done in 5.34 s
[2020-06-27 08:37:54] - Start: get_like_dislike_comment
[2020-06-27 08:37:54] - End: get_like_dislike_comment done in 0.01 s
[2020-06-27 08:37:54] - Start: get_description
[2020-06-27 08:37:54] - End: get_description done in 0.19 s
[2020-06-27 08:37:54] - Start: get_boolean
[2020-06-27 08:37:54] - End: get_boolean done in 0.00 s
[2020-06-27 08:37:54] - Start: get_delta
[2020-06-27 08:37:55] - End: get_delta done in 1.24 s
[2020-06-27 08:37:55] - Start: get_language
[2020-06-27 08:38:03] - End: get_language done in 7.57 s
[2020-06-27 08:38:03] - Start: get_in_word
[2020-06-27 08:38:05] - End: get_in_word done in 2.44 s
[2020-06-27 08:38:05] - Start: get_freq
[2020-06-27 08:38:05] - End: get_freq done in 0.04 s
[2020-06-27 08:38:05] - Start: get_binning
[2020-06-27 08:38:05] - End: get_binning done in 0.00 s
[2020-06-27 08:38:05] - Start: get_agg_features
[2020-06-27 08:47:18] - End: get_agg_features done in 552.19 s
[2020-06-27 08:47:18] - Start: concat_title_bert_vectorizer
[2020-06-27 08:47:19] - End: concat_title_bert_vectorizer done in 1.81 s
[2020-06-27 08:47:19] - Start: concat_desc_bert_vectorizer
[2020-06-27 08:47:22] - End: concat_desc_bert_vectorizer done in 2.37 s
[2020-06-27 08:47:22] - Start: get_title_bert_reduction_vectorizer
[2020-06-27 08:47:22] - Start: get_umap
[2020-06-27 08:56:20] - End: get_umap done in 537.44 s
[2020-06-27 08:56:20] - Start: get_tsne
[2020-06-27 09:44:44] - End: get_tsne done in 2904.81 s
[2020-06-27 09:44:50] - End: get_title_bert_reduction_vectorizer done in 3447.88 s
[2020-06-27 09:44:50] - Start: get_desc_bert_reduction_vectorizer
[2020-06-27 09:44:50] - Start: get_umap
[2020-06-27 09:53:38] - End: get_umap done in 527.74 s
[2020-06-27 09:53:38] - Start: get_tsne
[2020-06-27 10:44:48] - End: get_tsne done in 3070.31 s
[2020-06-27 10:44:53] - End: get_desc_bert_reduction_vectorizer done in 3602.81 s
[2020-06-27 10:44:53] - Start: get_title_tfidf_reduction_vectorizer
[2020-06-27 10:48:13] - Start: get_umap
[2020-06-27 10:53:50] - End: get_umap done in 337.08 s
[2020-06-27 10:53:50] - Start: get_tsne
[2020-06-27 11:04:03] - Start: main
[2020-06-27 11:04:03] - ★☆★☆★☆★☆★☆★☆★☆★☆★☆★☆★☆★☆★☆★☆★☆★☆★☆★☆★☆★☆★☆★☆★☆★☆
[2020-06-27 11:04:03] - Start: load_data
[2020-06-27 11:04:04] - End: load_data done in 0.81 s
[2020-06-27 11:04:04] - Start: get_title
[2020-06-27 11:04:04] - End: get_title done in 0.02 s
[2020-06-27 11:04:04] - Start: get_published
[2020-06-27 11:04:04] - End: get_published done in 0.11 s
[2020-06-27 11:04:04] - Start: get_channel
[2020-06-27 11:04:04] - End: get_channel done in 0.05 s
[2020-06-27 11:04:04] - Start: get_collection
[2020-06-27 11:04:04] - End: get_collection done in 0.11 s
[2020-06-27 11:04:04] - Start: get_tag
[2020-06-27 11:04:10] - End: get_tag done in 5.68 s
[2020-06-27 11:04:10] - Start: get_like_dislike_comment
[2020-06-27 11:04:10] - End: get_like_dislike_comment done in 0.01 s
[2020-06-27 11:04:10] - Start: get_description
[2020-06-27 11:04:10] - End: get_description done in 0.19 s
[2020-06-27 11:04:10] - Start: get_boolean
[2020-06-27 11:04:10] - End: get_boolean done in 0.00 s
[2020-06-27 11:04:10] - Start: get_delta
[2020-06-27 11:04:11] - End: get_delta done in 1.18 s
[2020-06-27 11:04:11] - Start: get_language
[2020-06-27 11:04:19] - End: get_language done in 7.72 s
[2020-06-27 11:04:19] - Start: get_in_word
[2020-06-27 11:04:21] - End: get_in_word done in 2.56 s
[2020-06-27 11:04:21] - Start: get_freq
[2020-06-27 11:04:21] - End: get_freq done in 0.04 s
[2020-06-27 11:04:21] - Start: get_binning
[2020-06-27 11:04:21] - End: get_binning done in 0.00 s
[2020-06-27 11:04:21] - Start: get_agg_features
[2020-06-27 11:13:40] - End: get_agg_features done in 558.69 s
[2020-06-27 11:13:40] - Start: concat_title_bert_vectorizer
[2020-06-27 11:13:42] - End: concat_title_bert_vectorizer done in 1.64 s
[2020-06-27 11:13:42] - Start: concat_desc_bert_vectorizer
[2020-06-27 11:13:43] - End: concat_desc_bert_vectorizer done in 1.73 s
[2020-06-27 11:13:43] - Start: concat_title_bert_reduction_vectorizer
[2020-06-27 11:13:49] - End: concat_title_bert_reduction_vectorizer done in 5.15 s
[2020-06-27 11:13:49] - Start: concat_desc_bert_reduction_vectorizer
[2020-06-27 11:13:53] - End: concat_desc_bert_reduction_vectorizer done in 4.50 s
[2020-06-27 11:13:53] - Start: get_title_tfidf_reduction_vectorizer
[2020-06-27 11:16:59] - Start: get_umap
[2020-06-27 11:43:44] - End: get_umap done in 1605.09 s
[2020-06-27 11:43:45] - Start: get_tsne
[2020-06-27 15:43:04] - Start: main
[2020-06-27 15:43:04] - ★☆★☆★☆★☆★☆★☆★☆★☆★☆★☆★☆★☆★☆★☆★☆★☆★☆★☆★☆★☆★☆★☆★☆★☆
[2020-06-27 15:43:04] - Start: load_data
[2020-06-27 15:43:05] - End: load_data done in 0.67 s
[2020-06-27 15:43:05] - Start: get_title
[2020-06-27 15:43:05] - End: get_title done in 0.03 s
[2020-06-27 15:43:05] - Start: get_published
[2020-06-27 15:43:05] - End: get_published done in 0.12 s
[2020-06-27 15:43:05] - Start: get_channel
[2020-06-27 15:43:05] - End: get_channel done in 0.04 s
[2020-06-27 15:43:05] - Start: get_collection
[2020-06-27 15:43:05] - End: get_collection done in 0.09 s
[2020-06-27 15:43:05] - Start: get_tag
[2020-06-27 15:43:11] - End: get_tag done in 5.39 s
[2020-06-27 15:43:11] - Start: get_like_dislike_comment
[2020-06-27 15:43:11] - End: get_like_dislike_comment done in 0.01 s
[2020-06-27 15:43:11] - Start: get_description
[2020-06-27 15:43:11] - End: get_description done in 0.19 s
[2020-06-27 15:43:11] - Start: get_boolean
[2020-06-27 15:43:11] - End: get_boolean done in 0.00 s
[2020-06-27 15:43:11] - Start: get_delta
[2020-06-27 15:43:12] - End: get_delta done in 1.19 s
[2020-06-27 15:43:12] - Start: get_language
[2020-06-27 15:43:20] - End: get_language done in 7.71 s
[2020-06-27 15:43:20] - Start: get_in_word
[2020-06-27 15:43:22] - End: get_in_word done in 2.55 s
[2020-06-27 15:43:22] - Start: get_freq
[2020-06-27 15:43:22] - End: get_freq done in 0.04 s
[2020-06-27 15:43:22] - Start: get_binning
[2020-06-27 15:43:22] - End: get_binning done in 0.00 s
[2020-06-27 15:43:22] - Start: get_agg_features
[2020-06-27 15:51:29] - End: get_agg_features done in 486.40 s
[2020-06-27 15:51:29] - Start: concat_title_bert_vectorizer
[2020-06-27 15:51:30] - End: concat_title_bert_vectorizer done in 0.91 s
[2020-06-27 15:51:30] - Start: concat_desc_bert_vectorizer
[2020-06-27 15:51:31] - End: concat_desc_bert_vectorizer done in 1.24 s
[2020-06-27 15:51:31] - Start: concat_title_bert_reduction_vectorizer
[2020-06-27 15:51:35] - End: concat_title_bert_reduction_vectorizer done in 4.28 s
[2020-06-27 15:51:35] - Start: concat_desc_bert_reduction_vectorizer
[2020-06-27 15:51:39] - End: concat_desc_bert_reduction_vectorizer done in 3.90 s
[2020-06-27 15:51:39] - Start: concat_title_tfidf_reduction_vectorizer
[2020-06-27 15:51:41] - End: concat_title_tfidf_reduction_vectorizer done in 1.91 s
[2020-06-27 15:51:41] - Start: get_desc_tfidf_reduction_vectorizer
[2020-06-27 15:56:04] - Start: get_umap
[2020-06-27 16:48:59] - Start: main
[2020-06-27 16:48:59] - ★☆★☆★☆★☆★☆★☆★☆★☆★☆★☆★☆★☆★☆★☆★☆★☆★☆★☆★☆★☆★☆★☆★☆★☆
[2020-06-27 16:48:59] - Start: load_data
[2020-06-27 16:48:59] - End: load_data done in 0.69 s
[2020-06-27 16:48:59] - Start: get_title
[2020-06-27 16:48:59] - End: get_title done in 0.02 s
[2020-06-27 16:48:59] - Start: get_published
[2020-06-27 16:48:59] - End: get_published done in 0.10 s
[2020-06-27 16:48:59] - Start: get_channel
[2020-06-27 16:48:59] - End: get_channel done in 0.04 s
[2020-06-27 16:48:59] - Start: get_collection
[2020-06-27 16:49:00] - End: get_collection done in 0.09 s
[2020-06-27 16:49:00] - Start: get_tag
[2020-06-27 16:49:05] - End: get_tag done in 5.54 s
[2020-06-27 16:49:05] - Start: get_like_dislike_comment
[2020-06-27 16:49:05] - End: get_like_dislike_comment done in 0.01 s
[2020-06-27 16:49:05] - Start: get_description
[2020-06-27 16:49:05] - End: get_description done in 0.19 s
[2020-06-27 16:49:05] - Start: get_boolean
[2020-06-27 16:49:05] - End: get_boolean done in 0.00 s
[2020-06-27 16:49:05] - Start: get_delta
[2020-06-27 16:49:06] - End: get_delta done in 1.16 s
[2020-06-27 16:49:06] - Start: get_language
[2020-06-27 16:49:14] - End: get_language done in 7.64 s
[2020-06-27 16:49:14] - Start: get_in_word
[2020-06-27 16:49:17] - End: get_in_word done in 2.51 s
[2020-06-27 16:49:17] - Start: get_freq
[2020-06-27 16:49:17] - End: get_freq done in 0.04 s
[2020-06-27 16:49:17] - Start: get_binning
[2020-06-27 16:49:17] - End: get_binning done in 0.00 s
[2020-06-27 16:49:17] - Start: get_agg_features
[2020-06-27 16:57:50] - End: get_agg_features done in 513.63 s
[2020-06-27 16:57:50] - Start: concat_title_bert_reduction_vectorizer
[2020-06-27 16:57:52] - End: concat_title_bert_reduction_vectorizer done in 1.75 s
[2020-06-27 16:57:52] - Start: concat_desc_bert_reduction_vectorizer
[2020-06-27 16:57:54] - End: concat_desc_bert_reduction_vectorizer done in 1.71 s
[2020-06-27 16:57:54] - Start: concat_title_tfidf_reduction_vectorizer
[2020-06-27 16:57:55] - End: concat_title_tfidf_reduction_vectorizer done in 0.92 s
[2020-06-27 16:57:55] - Save train test
[2020-06-27 16:57:56] - train shape: (19720, 1844), test shape, (29582, 1844)
[2020-06-27 16:57:56] - End: main done in 537.65 s
[2020-06-28 13:22:52] - Start: main
[2020-06-28 13:22:52] - ★☆★☆★☆★☆★☆★☆★☆★☆★☆★☆★☆★☆★☆★☆★☆★☆★☆★☆★☆★☆★☆★☆★☆★☆
[2020-06-28 13:22:52] - Start: load_data
[2020-06-28 13:22:53] - End: load_data done in 0.68 s
[2020-06-28 13:22:53] - Start: get_title
[2020-06-28 13:22:53] - End: get_title done in 0.03 s
[2020-06-28 13:22:53] - Start: get_published
[2020-06-28 13:22:53] - End: get_published done in 0.08 s
[2020-06-28 13:22:53] - Start: get_channel
[2020-06-28 13:22:53] - End: get_channel done in 0.04 s
[2020-06-28 13:22:53] - Start: get_collection
[2020-06-28 13:22:53] - End: get_collection done in 0.09 s
[2020-06-28 13:22:53] - Start: get_tag
[2020-06-28 13:22:59] - End: get_tag done in 5.37 s
[2020-06-28 13:22:59] - Start: get_like_dislike_comment
[2020-06-28 13:22:59] - End: get_like_dislike_comment done in 0.01 s
[2020-06-28 13:22:59] - Start: get_description
[2020-06-28 13:22:59] - End: get_description done in 0.18 s
[2020-06-28 13:22:59] - Start: get_boolean
[2020-06-28 13:22:59] - End: get_boolean done in 0.00 s
[2020-06-28 13:22:59] - Start: get_delta
[2020-06-28 13:23:00] - End: get_delta done in 1.31 s
[2020-06-28 13:23:00] - Start: get_language
[2020-06-28 13:23:08] - End: get_language done in 7.47 s
[2020-06-28 13:23:08] - Start: get_in_word
[2020-06-28 13:23:10] - End: get_in_word done in 2.47 s
[2020-06-28 13:23:10] - Start: get_freq
[2020-06-28 13:23:10] - End: get_freq done in 0.02 s
[2020-06-28 13:23:10] - Start: get_binning
[2020-06-28 13:23:10] - End: get_binning done in 0.00 s
[2020-06-28 13:23:10] - Start: get_agg_features
[2020-06-28 13:24:17] - End: get_agg_features done in 66.88 s
[2020-06-28 13:24:17] - Start: concat_title_bert_reduction_vectorizer
[2020-06-28 13:24:18] - End: concat_title_bert_reduction_vectorizer done in 0.78 s
[2020-06-28 13:24:18] - Start: concat_desc_bert_reduction_vectorizer
[2020-06-28 13:24:19] - End: concat_desc_bert_reduction_vectorizer done in 0.83 s
[2020-06-28 13:24:19] - Start: concat_title_tfidf_reduction_vectorizer
[2020-06-28 13:24:19] - End: concat_title_tfidf_reduction_vectorizer done in 0.48 s
[2020-06-28 13:24:19] - Save train test
[2020-06-28 13:24:20] - train shape: (19720, 894), test shape, (29582, 894)
[2020-06-28 13:24:20] - End: main done in 87.70 s
[2020-06-28 16:43:39] - Start: main
[2020-06-28 16:43:39] - ★☆★☆★☆★☆★☆★☆★☆★☆★☆★☆★☆★☆★☆★☆★☆★☆★☆★☆★☆★☆★☆★☆★☆★☆
[2020-06-28 16:43:39] - Start: load_data
[2020-06-28 16:43:41] - End: load_data done in 1.36 s
[2020-06-28 16:43:41] - Start: get_title
[2020-06-28 16:43:41] - End: get_title done in 0.05 s
[2020-06-28 16:43:41] - Start: get_published
[2020-06-28 16:43:41] - End: get_published done in 0.16 s
[2020-06-28 16:43:41] - Start: get_channel
[2020-06-28 16:43:41] - End: get_channel done in 0.08 s
[2020-06-28 16:43:41] - Start: get_collection
[2020-06-28 16:43:41] - End: get_collection done in 0.20 s
[2020-06-28 16:43:41] - Start: get_tag
[2020-06-28 16:43:54] - End: get_tag done in 13.03 s
[2020-06-28 16:43:54] - Start: get_like_dislike_comment
[2020-06-28 16:43:54] - End: get_like_dislike_comment done in 0.03 s
[2020-06-28 16:43:54] - Start: get_description
[2020-06-28 16:43:55] - End: get_description done in 0.46 s
[2020-06-28 16:43:55] - Start: get_boolean
[2020-06-28 16:43:55] - End: get_boolean done in 0.00 s
[2020-06-28 16:43:55] - Start: get_delta
[2020-06-28 16:43:58] - End: get_delta done in 3.39 s
[2020-06-28 16:43:58] - Start: get_language
[2020-06-28 16:44:18] - End: get_language done in 19.98 s
[2020-06-28 16:44:18] - Start: get_in_word
[2020-06-28 16:44:25] - End: get_in_word done in 6.67 s
[2020-06-28 16:44:25] - Start: get_freq
[2020-06-28 16:44:25] - End: get_freq done in 0.04 s
[2020-06-28 16:44:25] - Start: get_binning
[2020-06-28 16:44:25] - End: get_binning done in 0.01 s
[2020-06-28 16:44:25] - Start: get_agg_features
[2020-06-28 16:46:23] - End: get_agg_features done in 117.89 s
[2020-06-28 16:46:23] - Start: concat_title_bert_reduction_vectorizer
[2020-06-28 16:46:24] - End: concat_title_bert_reduction_vectorizer done in 1.27 s
[2020-06-28 16:46:24] - Start: concat_desc_bert_reduction_vectorizer
[2020-06-28 16:46:25] - End: concat_desc_bert_reduction_vectorizer done in 1.40 s
[2020-06-28 16:46:25] - Start: concat_title_tfidf_reduction_vectorizer
[2020-06-28 16:46:26] - End: concat_title_tfidf_reduction_vectorizer done in 0.76 s
[2020-06-28 16:46:26] - Save train test
[2020-06-28 16:46:27] - train shape: (19720, 911), test shape, (29582, 911)
[2020-06-28 16:46:27] - End: main done in 168.14 s
[2020-06-28 17:23:01] - Start: main
[2020-06-28 17:23:01] - ★☆★☆★☆★☆★☆★☆★☆★☆★☆★☆★☆★☆★☆★☆★☆★☆★☆★☆★☆★☆★☆★☆★☆★☆
[2020-06-28 17:23:01] - Start: load_data
[2020-06-28 17:23:02] - End: load_data done in 1.10 s
[2020-06-28 17:23:02] - Start: get_title
[2020-06-28 17:23:03] - End: get_title done in 0.04 s
[2020-06-28 17:23:03] - Start: get_published
[2020-06-28 17:23:03] - End: get_published done in 0.08 s
[2020-06-28 17:23:03] - Start: get_channel
[2020-06-28 17:23:03] - End: get_channel done in 0.04 s
[2020-06-28 17:23:03] - Start: get_collection
[2020-06-28 17:23:03] - End: get_collection done in 0.10 s
[2020-06-28 17:23:03] - Start: get_tag
[2020-06-28 17:23:10] - End: get_tag done in 6.83 s
[2020-06-28 17:23:10] - Start: get_like_dislike_comment
[2020-06-28 17:23:10] - End: get_like_dislike_comment done in 0.02 s
[2020-06-28 17:23:10] - Start: get_description
[2020-06-28 17:23:10] - End: get_description done in 0.23 s
[2020-06-28 17:23:10] - Start: get_boolean
[2020-06-28 17:23:10] - End: get_boolean done in 0.00 s
[2020-06-28 17:23:10] - Start: get_delta
[2020-06-28 17:23:11] - End: get_delta done in 1.61 s
[2020-06-28 17:23:11] - Start: get_language
[2020-06-28 17:23:20] - End: get_language done in 9.04 s
[2020-06-28 17:23:20] - Start: get_in_word
[2020-06-28 17:23:24] - End: get_in_word done in 3.14 s
[2020-06-28 17:23:24] - Start: get_freq
[2020-06-28 17:23:24] - End: get_freq done in 0.02 s
[2020-06-28 17:23:24] - Start: get_binning
[2020-06-28 17:23:24] - End: get_binning done in 0.01 s
[2020-06-28 17:23:24] - Start: get_agg_features
[2020-06-28 17:25:35] - End: get_agg_features done in 131.27 s
[2020-06-28 17:25:35] - Start: concat_title_bert_reduction_vectorizer
[2020-06-28 17:25:36] - End: concat_title_bert_reduction_vectorizer done in 1.14 s
[2020-06-28 17:25:36] - Start: concat_desc_bert_reduction_vectorizer
[2020-06-28 17:25:37] - End: concat_desc_bert_reduction_vectorizer done in 1.08 s
[2020-06-28 17:25:37] - Start: concat_title_tfidf_reduction_vectorizer
[2020-06-28 17:25:38] - End: concat_title_tfidf_reduction_vectorizer done in 0.56 s
[2020-06-28 17:25:38] - Save train test
[2020-06-28 17:25:39] - train shape: (19720, 1152), test shape, (29582, 1152)
[2020-06-28 17:25:39] - End: main done in 157.60 s
[2020-06-28 17:37:09] - Start: main
[2020-06-28 17:37:09] - ★☆★☆★☆★☆★☆★☆★☆★☆★☆★☆★☆★☆★☆★☆★☆★☆★☆★☆★☆★☆★☆★☆★☆★☆
[2020-06-28 17:37:09] - Start: load_data
[2020-06-28 17:37:10] - End: load_data done in 1.28 s
[2020-06-28 17:37:10] - Start: get_title
[2020-06-28 17:37:10] - End: get_title done in 0.05 s
[2020-06-28 17:37:10] - Start: get_published
[2020-06-28 17:37:10] - End: get_published done in 0.16 s
[2020-06-28 17:37:10] - Start: get_channel
[2020-06-28 17:37:10] - End: get_channel done in 0.09 s
[2020-06-28 17:37:10] - Start: get_collection
[2020-06-28 17:37:10] - End: get_collection done in 0.19 s
[2020-06-28 17:37:10] - Start: get_tag
[2020-06-28 17:37:23] - End: get_tag done in 12.70 s
[2020-06-28 17:37:23] - Start: get_like_dislike_comment
[2020-06-28 17:37:23] - End: get_like_dislike_comment done in 0.03 s
[2020-06-28 17:37:23] - Start: get_description
[2020-06-28 17:37:24] - End: get_description done in 0.44 s
[2020-06-28 17:37:24] - Start: get_boolean
[2020-06-28 17:37:24] - End: get_boolean done in 0.00 s
[2020-06-28 17:37:24] - Start: get_delta
[2020-06-28 17:37:27] - End: get_delta done in 3.28 s
[2020-06-28 17:37:27] - Start: get_language
[2020-06-28 17:37:47] - End: get_language done in 19.76 s
[2020-06-28 17:37:47] - Start: get_in_word
[2020-06-28 17:37:53] - End: get_in_word done in 6.74 s
[2020-06-28 17:37:53] - Start: get_freq
[2020-06-28 17:37:53] - End: get_freq done in 0.04 s
[2020-06-28 17:37:53] - Start: get_binning
[2020-06-28 17:37:53] - End: get_binning done in 0.01 s
[2020-06-28 17:37:53] - Start: get_agg_features
[2020-06-28 17:45:48] - End: get_agg_features done in 474.58 s
[2020-06-28 17:45:48] - Start: concat_title_bert_reduction_vectorizer
[2020-06-28 17:45:51] - End: concat_title_bert_reduction_vectorizer done in 2.81 s
[2020-06-28 17:45:51] - Start: concat_desc_bert_reduction_vectorizer
[2020-06-28 17:45:54] - End: concat_desc_bert_reduction_vectorizer done in 2.67 s
[2020-06-28 17:45:54] - Start: concat_title_tfidf_reduction_vectorizer
[2020-06-28 17:45:55] - End: concat_title_tfidf_reduction_vectorizer done in 1.60 s
[2020-06-28 17:45:56] - Save train test
[2020-06-28 17:45:58] - train shape: (19720, 1452), test shape, (29582, 1452)
[2020-06-28 17:45:58] - End: main done in 529.49 s
[2020-06-28 18:30:19] - Start: main
[2020-06-28 18:30:19] - ★☆★☆★☆★☆★☆★☆★☆★☆★☆★☆★☆★☆★☆★☆★☆★☆★☆★☆★☆★☆★☆★☆★☆★☆
[2020-06-28 18:30:19] - Start: load_data
[2020-06-28 18:30:20] - End: load_data done in 0.66 s
[2020-06-28 18:30:20] - Start: get_title
[2020-06-28 18:30:20] - End: get_title done in 0.02 s
[2020-06-28 18:30:20] - Start: get_published
[2020-06-28 18:30:20] - End: get_published done in 0.08 s
[2020-06-28 18:30:20] - Start: get_channel
[2020-06-28 18:30:21] - End: get_channel done in 1.00 s
[2020-06-28 18:30:21] - Start: get_category
[2020-06-28 18:30:21] - End: get_category done in 0.10 s
[2020-06-28 18:30:21] - Start: get_collection
[2020-06-28 18:30:21] - End: get_collection done in 0.11 s
[2020-06-28 18:30:21] - Start: get_tag
[2020-06-28 18:30:27] - End: get_tag done in 5.54 s
[2020-06-28 18:30:27] - Start: get_like_dislike_comment
[2020-06-28 18:30:27] - End: get_like_dislike_comment done in 0.01 s
[2020-06-28 18:30:27] - Start: get_description
[2020-06-28 18:30:27] - End: get_description done in 0.19 s
[2020-06-28 18:30:27] - Start: get_boolean
[2020-06-28 18:30:27] - End: get_boolean done in 0.00 s
[2020-06-28 18:30:27] - Start: get_delta
[2020-06-28 18:30:29] - End: get_delta done in 1.41 s
[2020-06-28 18:30:29] - Start: get_language
[2020-06-28 18:30:36] - End: get_language done in 7.78 s
[2020-06-28 18:30:36] - Start: get_in_word
[2020-06-28 18:30:39] - End: get_in_word done in 2.85 s
[2020-06-28 18:30:39] - Start: get_freq
[2020-06-28 18:30:39] - End: get_freq done in 0.02 s
[2020-06-28 18:30:39] - Start: get_binning
[2020-06-28 18:30:39] - End: get_binning done in 0.01 s
[2020-06-28 18:30:39] - Start: get_agg_features
[2020-06-28 18:31:41] - Start: main
[2020-06-28 18:31:41] - ★☆★☆★☆★☆★☆★☆★☆★☆★☆★☆★☆★☆★☆★☆★☆★☆★☆★☆★☆★☆★☆★☆★☆★☆
[2020-06-28 18:31:41] - Start: load_data
[2020-06-28 18:31:42] - End: load_data done in 0.79 s
[2020-06-28 18:31:42] - Start: get_title
[2020-06-28 18:31:42] - End: get_title done in 0.03 s
[2020-06-28 18:31:42] - Start: get_published
[2020-06-28 18:31:42] - End: get_published done in 0.09 s
[2020-06-28 18:31:42] - Start: get_channel
[2020-06-28 18:31:45] - End: get_channel done in 2.45 s
[2020-06-28 18:31:45] - Start: get_category
[2020-06-28 18:31:45] - End: get_category done in 0.39 s
[2020-06-28 18:31:45] - Start: get_collection
[2020-06-28 18:31:45] - End: get_collection done in 0.08 s
[2020-06-28 18:31:45] - Start: get_tag
[2020-06-28 18:31:50] - End: get_tag done in 5.38 s
[2020-06-28 18:31:50] - Start: get_like_dislike_comment
[2020-06-28 18:31:50] - End: get_like_dislike_comment done in 0.01 s
[2020-06-28 18:31:50] - Start: get_description
[2020-06-28 18:31:51] - End: get_description done in 0.18 s
[2020-06-28 18:31:51] - Start: get_boolean
[2020-06-28 18:31:51] - End: get_boolean done in 0.00 s
[2020-06-28 18:31:51] - Start: get_delta
[2020-06-28 18:31:52] - End: get_delta done in 1.36 s
[2020-06-28 18:31:52] - Start: get_language
[2020-06-28 18:31:59] - End: get_language done in 7.46 s
[2020-06-28 18:31:59] - Start: get_in_word
[2020-06-28 18:32:02] - End: get_in_word done in 2.82 s
[2020-06-28 18:32:02] - Start: get_freq
[2020-06-28 18:32:02] - End: get_freq done in 0.02 s
[2020-06-28 18:32:02] - Start: get_binning
[2020-06-28 18:32:02] - End: get_binning done in 0.01 s
[2020-06-28 18:32:02] - Start: get_agg_features
[2020-06-28 18:35:10] - End: get_agg_features done in 187.98 s
[2020-06-28 18:35:10] - Start: concat_title_bert_reduction_vectorizer
[2020-06-28 18:35:12] - End: concat_title_bert_reduction_vectorizer done in 1.27 s
[2020-06-28 18:35:12] - Start: concat_desc_bert_reduction_vectorizer
[2020-06-28 18:35:13] - End: concat_desc_bert_reduction_vectorizer done in 1.35 s
[2020-06-28 18:35:13] - Start: concat_title_tfidf_reduction_vectorizer
[2020-06-28 18:35:14] - End: concat_title_tfidf_reduction_vectorizer done in 0.73 s
[2020-06-28 18:35:14] - Save train test
[2020-06-28 18:35:15] - train shape: (19720, 1284), test shape, (29582, 1284)
[2020-06-28 18:35:15] - End: main done in 214.01 s
[2020-06-28 21:11:13] - Start: main
[2020-06-28 21:11:13] - ★☆★☆★☆★☆★☆★☆★☆★☆★☆★☆★☆★☆★☆★☆★☆★☆★☆★☆★☆★☆★☆★☆★☆★☆
[2020-06-28 21:11:13] - Start: load_data
[2020-06-28 21:11:14] - End: load_data done in 0.74 s
[2020-06-28 21:11:14] - Start: get_title
[2020-06-28 21:11:14] - End: get_title done in 0.02 s
[2020-06-28 21:11:14] - Start: get_published
[2020-06-28 21:11:14] - End: get_published done in 0.08 s
[2020-06-28 21:11:14] - Start: get_channel
[2020-06-28 21:11:17] - End: get_channel done in 2.81 s
[2020-06-28 21:11:17] - Start: get_category
[2020-06-28 21:11:17] - End: get_category done in 0.49 s
[2020-06-28 21:11:17] - Start: get_collection
[2020-06-28 21:11:17] - End: get_collection done in 0.10 s
[2020-06-28 21:11:17] - Start: get_tag
[2020-06-28 21:11:24] - End: get_tag done in 6.81 s
[2020-06-28 21:11:24] - Start: get_like_dislike_comment
[2020-06-28 21:11:24] - End: get_like_dislike_comment done in 0.01 s
[2020-06-28 21:11:24] - Start: get_description
[2020-06-28 21:11:24] - End: get_description done in 0.22 s
[2020-06-28 21:11:24] - Start: get_boolean
[2020-06-28 21:11:24] - End: get_boolean done in 0.00 s
[2020-06-28 21:11:24] - Start: get_delta
[2020-06-28 21:11:26] - End: get_delta done in 1.64 s
[2020-06-28 21:11:26] - Start: get_language
[2020-06-28 21:11:35] - End: get_language done in 8.71 s
[2020-06-28 21:11:35] - Start: get_in_word
[2020-06-28 21:11:38] - End: get_in_word done in 2.89 s
[2020-06-28 21:11:38] - Start: get_freq
[2020-06-28 21:11:38] - End: get_freq done in 0.02 s
[2020-06-28 21:11:38] - Start: get_binning
[2020-06-28 21:11:38] - End: get_binning done in 0.01 s
[2020-06-28 21:11:38] - Start: get_agg_features
[2020-06-28 21:14:50] - End: get_agg_features done in 192.28 s
[2020-06-28 21:14:50] - Start: concat_title_bert_reduction_vectorizer
[2020-06-28 21:14:58] - End: concat_title_bert_reduction_vectorizer done in 8.41 s
[2020-06-28 21:14:58] - Start: concat_desc_bert_reduction_vectorizer
[2020-06-28 21:15:00] - End: concat_desc_bert_reduction_vectorizer done in 1.58 s
[2020-06-28 21:15:00] - Start: concat_title_tfidf_reduction_vectorizer
[2020-06-28 21:15:01] - End: concat_title_tfidf_reduction_vectorizer done in 0.84 s
[2020-06-28 21:15:02] - Save train test
[2020-06-28 21:15:02] - train shape: (19708, 1284), test shape, (29594, 1284)
[2020-06-28 21:15:03] - End: main done in 229.46 s
[2020-06-28 21:20:44] - Start: main
[2020-06-28 21:20:44] - ★☆★☆★☆★☆★☆★☆★☆★☆★☆★☆★☆★☆★☆★☆★☆★☆★☆★☆★☆★☆★☆★☆★☆★☆
[2020-06-28 21:20:44] - Start: load_data
[2020-06-28 21:20:45] - End: load_data done in 0.65 s
[2020-06-28 21:20:45] - Start: get_title
[2020-06-28 21:20:45] - End: get_title done in 0.02 s
[2020-06-28 21:20:45] - Start: get_published
[2020-06-28 21:20:45] - End: get_published done in 0.09 s
[2020-06-28 21:20:45] - Start: get_channel
[2020-06-28 21:20:47] - End: get_channel done in 2.18 s
[2020-06-28 21:20:47] - Start: get_category
[2020-06-28 21:20:48] - End: get_category done in 0.38 s
[2020-06-28 21:20:48] - Start: get_collection
[2020-06-28 21:20:48] - End: get_collection done in 0.08 s
[2020-06-28 21:20:48] - Start: get_tag
[2020-06-28 21:20:53] - End: get_tag done in 5.34 s
[2020-06-28 21:20:53] - Start: get_like_dislike_comment
[2020-06-28 21:20:53] - End: get_like_dislike_comment done in 0.01 s
[2020-06-28 21:20:53] - Start: get_description
[2020-06-28 21:20:54] - End: get_description done in 0.21 s
[2020-06-28 21:20:54] - Start: get_boolean
[2020-06-28 21:20:54] - End: get_boolean done in 0.00 s
[2020-06-28 21:20:54] - Start: get_delta
[2020-06-28 21:20:55] - End: get_delta done in 1.38 s
[2020-06-28 21:20:55] - Start: get_language
[2020-06-28 21:21:03] - End: get_language done in 7.67 s
[2020-06-28 21:21:03] - Start: get_in_word
[2020-06-28 21:21:05] - End: get_in_word done in 2.84 s
[2020-06-28 21:21:05] - Start: get_freq
[2020-06-28 21:21:05] - End: get_freq done in 0.02 s
[2020-06-28 21:21:05] - Start: get_binning
[2020-06-28 21:21:05] - End: get_binning done in 0.01 s
[2020-06-28 21:21:05] - Start: get_agg_features
[2020-06-28 21:24:12] - End: get_agg_features done in 187.01 s
[2020-06-28 21:24:12] - Start: concat_title_bert_reduction_vectorizer
[2020-06-28 21:24:14] - End: concat_title_bert_reduction_vectorizer done in 1.29 s
[2020-06-28 21:24:14] - Start: concat_desc_bert_reduction_vectorizer
[2020-06-28 21:24:15] - End: concat_desc_bert_reduction_vectorizer done in 1.43 s
[2020-06-28 21:24:15] - Start: concat_title_tfidf_reduction_vectorizer
[2020-06-28 21:24:16] - End: concat_title_tfidf_reduction_vectorizer done in 0.80 s
[2020-06-28 21:24:17] - Save train test
[2020-06-28 21:24:17] - train shape: (19720, 1284), test shape, (29582, 1284)
[2020-06-28 21:24:18] - End: main done in 213.02 s
