[2020-06-23 07:56:38] - lgb_KFold_06230756 - train_x shape: (19720, 995)
[2020-06-23 07:56:38] - lgb_KFold_06230756 - train_y shape: (19720,)
[2020-06-23 07:56:38] - lgb_KFold_06230756 - start training cv
[2020-06-23 07:56:38] - lgb_KFold_06230756 - cv method: KFold
[2020-06-23 07:56:38] - lgb_KFold_06230756 fold 0 - start training
[2020-06-23 08:04:21] - lgb_KFold_06230756 fold 0 - end training - score 0.7741432129811225
[2020-06-23 08:04:24] - lgb_KFold_06230756 fold 1 - start training
[2020-06-23 08:09:43] - lgb_KFold_06230756 fold 1 - end training - score 0.7457549122451418
[2020-06-23 08:09:45] - lgb_KFold_06230756 fold 2 - start training
[2020-06-23 08:16:13] - lgb_KFold_06230756 fold 2 - end training - score 0.7149573329228384
[2020-06-23 08:16:16] - lgb_KFold_06230756 fold 3 - start training
[2020-06-23 08:24:39] - lgb_KFold_06230756 fold 3 - end training - score 0.7417458434962685
[2020-06-23 08:24:42] - lgb_KFold_06230756 fold 4 - start training
[2020-06-23 08:36:34] - lgb_KFold_06230756 fold 4 - end training - score 0.7299237546748617
[2020-06-23 08:36:40] - lgb_KFold_06230756 - start prediction cv
[2020-06-23 08:36:41] - lgb_KFold_06230756 - start prediction fold:0
[2020-06-23 08:36:48] - lgb_KFold_06230756 - end prediction fold:0
[2020-06-23 08:36:48] - lgb_KFold_06230756 - start prediction fold:1
[2020-06-23 08:36:53] - lgb_KFold_06230756 - end prediction fold:1
[2020-06-23 08:36:53] - lgb_KFold_06230756 - start prediction fold:2
[2020-06-23 08:36:59] - lgb_KFold_06230756 - end prediction fold:2
[2020-06-23 08:36:59] - lgb_KFold_06230756 - start prediction fold:3
[2020-06-23 08:37:05] - lgb_KFold_06230756 - end prediction fold:3
[2020-06-23 08:37:05] - lgb_KFold_06230756 - start prediction fold:4
[2020-06-23 08:37:14] - lgb_KFold_06230756 - end prediction fold:4
[2020-06-23 08:37:14] - lgb_KFold_06230756 - end prediction cv
[2020-06-23 08:37:14] - lgb_KFold_06230756 - start create submission
[2020-06-23 08:37:14] - lgb_KFold_06230756 - end create submission
