[2020-06-28 18:36:51] - lgb_KFold_06281836 - train_x shape: (19720, 532)
[2020-06-28 18:36:51] - lgb_KFold_06281836 - train_y shape: (19720,)
[2020-06-28 18:36:51] - lgb_KFold_06281836 - start training cv
[2020-06-28 18:36:51] - lgb_KFold_06281836 - cv method: KFold
[2020-06-28 18:36:51] - lgb_KFold_06281836 fold 0 - start training
[2020-06-28 18:40:47] - lgb_KFold_06281836 fold 0 - end training - score 0.769925827134501
[2020-06-28 18:40:49] - lgb_KFold_06281836 fold 1 - start training
[2020-06-28 18:44:17] - lgb_KFold_06281836 fold 1 - end training - score 0.741566712170026
[2020-06-28 18:44:20] - lgb_KFold_06281836 fold 2 - start training
[2020-06-28 18:48:09] - lgb_KFold_06281836 fold 2 - end training - score 0.6963893799285559
[2020-06-28 18:48:12] - lgb_KFold_06281836 fold 3 - start training
[2020-06-28 18:55:50] - lgb_KFold_06281836 fold 3 - end training - score 0.7306152429248719
[2020-06-28 18:55:55] - lgb_KFold_06281836 fold 4 - start training
[2020-06-28 19:00:18] - lgb_KFold_06281836 fold 4 - end training - score 0.706720993745917
[2020-06-28 19:00:21] - lgb_KFold_06281836 - start prediction cv
[2020-06-28 19:00:22] - lgb_KFold_06281836 - start prediction fold:0
[2020-06-28 19:00:27] - lgb_KFold_06281836 - end prediction fold:0
[2020-06-28 19:00:27] - lgb_KFold_06281836 - start prediction fold:1
[2020-06-28 19:00:31] - lgb_KFold_06281836 - end prediction fold:1
[2020-06-28 19:00:31] - lgb_KFold_06281836 - start prediction fold:2
[2020-06-28 19:00:36] - lgb_KFold_06281836 - end prediction fold:2
[2020-06-28 19:00:36] - lgb_KFold_06281836 - start prediction fold:3
[2020-06-28 19:00:45] - lgb_KFold_06281836 - end prediction fold:3
[2020-06-28 19:00:45] - lgb_KFold_06281836 - start prediction fold:4
[2020-06-28 19:00:49] - lgb_KFold_06281836 - end prediction fold:4
[2020-06-28 19:00:49] - lgb_KFold_06281836 - end prediction cv
[2020-06-28 19:00:49] - lgb_KFold_06281836 - start create submission
[2020-06-28 19:00:50] - lgb_KFold_06281836 - end create submission
