[2020-06-22 04:16:33] - lgb_KFold_06220416 - train_x shape: (19720, 1211)
[2020-06-22 04:16:33] - lgb_KFold_06220416 - train_y shape: (19720,)
[2020-06-22 04:16:33] - lgb_KFold_06220416 - start training cv
[2020-06-22 04:16:33] - lgb_KFold_06220416 - cv method: KFold
[2020-06-22 04:16:33] - lgb_KFold_06220416 fold 0 - start training
[2020-06-22 04:39:52] - lgb_KFold_06220416 fold 0 - end training - score 0.7835829486084284
[2020-06-22 04:39:57] - lgb_KFold_06220416 fold 1 - start training
[2020-06-22 05:00:48] - lgb_KFold_06220416 fold 1 - end training - score 0.7710756480103638
[2020-06-22 05:00:51] - lgb_KFold_06220416 fold 2 - start training
[2020-06-22 05:23:35] - lgb_KFold_06220416 fold 2 - end training - score 0.7325047145599116
[2020-06-22 05:23:39] - lgb_KFold_06220416 fold 3 - start training
[2020-06-22 05:44:23] - lgb_KFold_06220416 fold 3 - end training - score 0.7792014153573145
[2020-06-22 05:44:27] - lgb_KFold_06220416 fold 4 - start training
[2020-06-22 06:06:10] - lgb_KFold_06220416 fold 4 - end training - score 0.7342147459544757
[2020-06-22 06:06:15] - lgb_KFold_06220416 - start prediction cv
[2020-06-22 06:06:15] - lgb_KFold_06220416 - start prediction fold:0
[2020-06-22 06:06:24] - lgb_KFold_06220416 - end prediction fold:0
[2020-06-22 06:06:24] - lgb_KFold_06220416 - start prediction fold:1
[2020-06-22 06:06:32] - lgb_KFold_06220416 - end prediction fold:1
[2020-06-22 06:06:32] - lgb_KFold_06220416 - start prediction fold:2
[2020-06-22 06:06:41] - lgb_KFold_06220416 - end prediction fold:2
[2020-06-22 06:06:41] - lgb_KFold_06220416 - start prediction fold:3
[2020-06-22 06:06:48] - lgb_KFold_06220416 - end prediction fold:3
[2020-06-22 06:06:48] - lgb_KFold_06220416 - start prediction fold:4
[2020-06-22 06:06:57] - lgb_KFold_06220416 - end prediction fold:4
[2020-06-22 06:06:57] - lgb_KFold_06220416 - end prediction cv
[2020-06-22 06:06:57] - lgb_KFold_06220416 - start create submission
[2020-06-22 06:06:57] - lgb_KFold_06220416 - end create submission
