[2020-06-28 20:47:52] - lgb_KFold_06282047 - train_x shape: (19708, 520)
[2020-06-28 20:47:52] - lgb_KFold_06282047 - train_y shape: (19708,)
[2020-06-28 20:47:52] - lgb_KFold_06282047 - start training cv
[2020-06-28 20:47:52] - lgb_KFold_06282047 - cv method: KFold
[2020-06-28 20:47:52] - lgb_KFold_06282047 fold 0 - start training
[2020-06-28 20:52:05] - lgb_KFold_06282047 fold 0 - end training - score 0.7375813369264338
[2020-06-28 20:52:08] - lgb_KFold_06282047 fold 1 - start training
[2020-06-28 20:59:00] - lgb_KFold_06282047 fold 1 - end training - score 0.7219806576070343
[2020-06-28 20:59:04] - lgb_KFold_06282047 fold 2 - start training
[2020-06-28 21:02:09] - lgb_KFold_06282047 fold 2 - end training - score 0.7353693329664039
[2020-06-28 21:02:11] - lgb_KFold_06282047 fold 3 - start training
[2020-06-28 21:06:57] - lgb_KFold_06282047 fold 3 - end training - score 0.720315798883123
[2020-06-28 21:07:01] - lgb_KFold_06282047 fold 4 - start training
[2020-06-28 21:10:36] - lgb_KFold_06282047 fold 4 - end training - score 0.7257313621404828
[2020-06-28 21:10:38] - lgb_KFold_06282047 - start prediction cv
[2020-06-28 21:10:39] - lgb_KFold_06282047 - start prediction fold:0
[2020-06-28 21:10:44] - lgb_KFold_06282047 - end prediction fold:0
[2020-06-28 21:10:44] - lgb_KFold_06282047 - start prediction fold:1
[2020-06-28 21:10:51] - lgb_KFold_06282047 - end prediction fold:1
[2020-06-28 21:10:51] - lgb_KFold_06282047 - start prediction fold:2
[2020-06-28 21:10:54] - lgb_KFold_06282047 - end prediction fold:2
[2020-06-28 21:10:54] - lgb_KFold_06282047 - start prediction fold:3
[2020-06-28 21:10:59] - lgb_KFold_06282047 - end prediction fold:3
[2020-06-28 21:10:59] - lgb_KFold_06282047 - start prediction fold:4
[2020-06-28 21:11:03] - lgb_KFold_06282047 - end prediction fold:4
[2020-06-28 21:11:03] - lgb_KFold_06282047 - end prediction cv
[2020-06-28 21:11:04] - lgb_KFold_06282047 - start create submission
[2020-06-28 21:11:04] - lgb_KFold_06282047 - end create submission
