[2020-06-23 23:19:01] - lgb_KFold_06232319 - train_x shape: (19720, 468)
[2020-06-23 23:19:01] - lgb_KFold_06232319 - train_y shape: (19720,)
[2020-06-23 23:19:01] - lgb_KFold_06232319 - start training cv
[2020-06-23 23:19:01] - lgb_KFold_06232319 - cv method: KFold
[2020-06-23 23:19:01] - lgb_KFold_06232319 fold 0 - start training
[2020-06-23 23:26:10] - lgb_KFold_06232319 fold 0 - end training - score 0.7685956356388788
[2020-06-23 23:26:16] - lgb_KFold_06232319 fold 1 - start training
[2020-06-23 23:28:59] - lgb_KFold_06232319 fold 1 - end training - score 0.7348771207261023
[2020-06-23 23:29:01] - lgb_KFold_06232319 fold 2 - start training
[2020-06-23 23:33:00] - lgb_KFold_06232319 fold 2 - end training - score 0.6985965354703626
[2020-06-23 23:33:03] - lgb_KFold_06232319 fold 3 - start training
[2020-06-23 23:39:12] - lgb_KFold_06232319 fold 3 - end training - score 0.7327017691539996
[2020-06-23 23:39:17] - lgb_KFold_06232319 fold 4 - start training
[2020-06-23 23:43:44] - lgb_KFold_06232319 fold 4 - end training - score 0.7082078403131491
[2020-06-23 23:43:48] - lgb_KFold_06232319 - start prediction cv
[2020-06-23 23:43:49] - lgb_KFold_06232319 - start prediction fold:0
[2020-06-23 23:44:00] - lgb_KFold_06232319 - end prediction fold:0
[2020-06-23 23:44:00] - lgb_KFold_06232319 - start prediction fold:1
[2020-06-23 23:44:03] - lgb_KFold_06232319 - end prediction fold:1
[2020-06-23 23:44:03] - lgb_KFold_06232319 - start prediction fold:2
[2020-06-23 23:44:08] - lgb_KFold_06232319 - end prediction fold:2
[2020-06-23 23:44:08] - lgb_KFold_06232319 - start prediction fold:3
[2020-06-23 23:44:15] - lgb_KFold_06232319 - end prediction fold:3
[2020-06-23 23:44:15] - lgb_KFold_06232319 - start prediction fold:4
[2020-06-23 23:44:20] - lgb_KFold_06232319 - end prediction fold:4
[2020-06-23 23:44:20] - lgb_KFold_06232319 - end prediction cv
[2020-06-23 23:44:20] - lgb_KFold_06232319 - start create submission
[2020-06-23 23:44:20] - lgb_KFold_06232319 - end create submission
